2023-01-08 14:05:58.687 [error] [Extension Host] fatal: not a git repository: '/home/luckysimba/.cargo/registry/index/github.com-1ecc6299db9ec823/.git'
2023-01-08 14:05:58.687 [error] [Extension Host] Error: Command failed: git --no-pager --git-dir="/home/luckysimba/.cargo/registry/index/github.com-1ecc6299db9ec823/.git" branch --all
fatal: not a git repository: '/home/luckysimba/.cargo/registry/index/github.com-1ecc6299db9ec823/.git'

	at checkExecSyncError (node:child_process:837:11)
	at execSync (node:child_process:911:15)
	at node:electron/js2c/asar_bundle:5:12704
	at V (/home/luckysimba/.vscode-oss/extensions/serayuzgur.crates-0.5.10-universal/dist/extension.js:211:117568)
	at /home/luckysimba/.vscode-oss/extensions/serayuzgur.crates-0.5.10-universal/dist/extension.js:211:121094
	at ne (/home/luckysimba/.vscode-oss/extensions/serayuzgur.crates-0.5.10-universal/dist/extension.js:211:121114)
	at /home/luckysimba/.vscode-oss/extensions/serayuzgur.crates-0.5.10-universal/dist/extension.js:211:123460
	at Generator.next (<anonymous>)
	at /home/luckysimba/.vscode-oss/extensions/serayuzgur.crates-0.5.10-universal/dist/extension.js:211:122209
	at new Promise (<anonymous>)
	at pe (/home/luckysimba/.vscode-oss/extensions/serayuzgur.crates-0.5.10-universal/dist/extension.js:211:121954)
	at /home/luckysimba/.vscode-oss/extensions/serayuzgur.crates-0.5.10-universal/dist/extension.js:211:123072
	at /home/luckysimba/.vscode-oss/extensions/serayuzgur.crates-0.5.10-universal/dist/extension.js:211:123592
	at Generator.next (<anonymous>)
	at /home/luckysimba/.vscode-oss/extensions/serayuzgur.crates-0.5.10-universal/dist/extension.js:211:122209
	at new Promise (<anonymous>)
	at pe (/home/luckysimba/.vscode-oss/extensions/serayuzgur.crates-0.5.10-universal/dist/extension.js:211:121954)
	at he (/home/luckysimba/.vscode-oss/extensions/serayuzgur.crates-0.5.10-universal/dist/extension.js:211:122878)
	at fe (/home/luckysimba/.vscode-oss/extensions/serayuzgur.crates-0.5.10-universal/dist/extension.js:211:124097)
	at Ln.db (/opt/vscodium/resources/app/out/vs/workbench/api/node/extensionHostProcess.js:106:15127)
	at Ln.cb (/opt/vscodium/resources/app/out/vs/workbench/api/node/extensionHostProcess.js:106:14825)
	at /opt/vscodium/resources/app/out/vs/workbench/api/node/extensionHostProcess.js:106:12823
	at process.processTicksAndRejections (node:internal/process/task_queues:96:5)
	at async v.n (/opt/vscodium/resources/app/out/vs/workbench/api/node/extensionHostProcess.js:92:7006)
	at async v.m (/opt/vscodium/resources/app/out/vs/workbench/api/node/extensionHostProcess.js:92:6969)
	at async v.l (/opt/vscodium/resources/app/out/vs/workbench/api/node/extensionHostProcess.js:92:6426)
2023-01-08 14:05:58.905 [error] [Extension Host] RequestError: Error: getaddrinfo EAI_AGAIN api.github.com
	at new r (/home/luckysimba/.vscode-oss/extensions/serayuzgur.crates-0.5.10-universal/dist/extension.js:157:123481)
	at U.callback (/home/luckysimba/.vscode-oss/extensions/serayuzgur.crates-0.5.10-universal/dist/extension.js:157:122155)
	at e.callback.t.callback [as _callback] (/home/luckysimba/.vscode-oss/extensions/serayuzgur.crates-0.5.10-universal/dist/extension.js:157:121601)
	at t._callback.t.callback.t.callback (/home/luckysimba/.vscode-oss/extensions/serayuzgur.crates-0.5.10-universal/dist/extension.js:187:4011)
	at U.emit (node:events:526:28)
	at U.onRequestError (/home/luckysimba/.vscode-oss/extensions/serayuzgur.crates-0.5.10-universal/dist/extension.js:187:12990)
	at ClientRequest.emit (node:events:538:35)
	at TLSSocket.socketErrorListener (node:_http_client:442:9)
	at TLSSocket.emit (node:events:526:28)
	at emitErrorNT (node:internal/streams/destroy:157:8)
	at emitErrorCloseNT (node:internal/streams/destroy:122:3)
	at process.processTicksAndRejections (node:internal/process/task_queues:83:21)
2023-01-08 14:05:58.905 [error] [Extension Host] RequestError: Error: getaddrinfo EAI_AGAIN api.github.com
	at new r (/home/luckysimba/.vscode-oss/extensions/serayuzgur.crates-0.5.10-universal/dist/extension.js:157:123481)
	at U.callback (/home/luckysimba/.vscode-oss/extensions/serayuzgur.crates-0.5.10-universal/dist/extension.js:157:122155)
	at e.callback.t.callback [as _callback] (/home/luckysimba/.vscode-oss/extensions/serayuzgur.crates-0.5.10-universal/dist/extension.js:157:121601)
	at t._callback.t.callback.t.callback (/home/luckysimba/.vscode-oss/extensions/serayuzgur.crates-0.5.10-universal/dist/extension.js:187:4011)
	at U.emit (node:events:526:28)
	at U.onRequestError (/home/luckysimba/.vscode-oss/extensions/serayuzgur.crates-0.5.10-universal/dist/extension.js:187:12990)
	at ClientRequest.emit (node:events:538:35)
	at TLSSocket.socketErrorListener (node:_http_client:442:9)
	at TLSSocket.emit (node:events:526:28)
	at emitErrorNT (node:internal/streams/destroy:157:8)
	at emitErrorCloseNT (node:internal/streams/destroy:122:3)
	at process.processTicksAndRejections (node:internal/process/task_queues:83:21)
2023-01-08 14:05:58.906 [error] [Extension Host] RequestError: Error: getaddrinfo EAI_AGAIN api.github.com
	at new r (/home/luckysimba/.vscode-oss/extensions/serayuzgur.crates-0.5.10-universal/dist/extension.js:157:123481)
	at U.callback (/home/luckysimba/.vscode-oss/extensions/serayuzgur.crates-0.5.10-universal/dist/extension.js:157:122155)
	at e.callback.t.callback [as _callback] (/home/luckysimba/.vscode-oss/extensions/serayuzgur.crates-0.5.10-universal/dist/extension.js:157:121601)
	at t._callback.t.callback.t.callback (/home/luckysimba/.vscode-oss/extensions/serayuzgur.crates-0.5.10-universal/dist/extension.js:187:4011)
	at U.emit (node:events:526:28)
	at U.onRequestError (/home/luckysimba/.vscode-oss/extensions/serayuzgur.crates-0.5.10-universal/dist/extension.js:187:12990)
	at ClientRequest.emit (node:events:538:35)
	at TLSSocket.socketErrorListener (node:_http_client:442:9)
	at TLSSocket.emit (node:events:526:28)
	at emitErrorNT (node:internal/streams/destroy:157:8)
	at emitErrorCloseNT (node:internal/streams/destroy:122:3)
	at process.processTicksAndRejections (node:internal/process/task_queues:83:21)
2023-01-08 14:05:58.906 [error] [Extension Host] RequestError: Error: getaddrinfo EAI_AGAIN api.github.com
	at new r (/home/luckysimba/.vscode-oss/extensions/serayuzgur.crates-0.5.10-universal/dist/extension.js:157:123481)
	at U.callback (/home/luckysimba/.vscode-oss/extensions/serayuzgur.crates-0.5.10-universal/dist/extension.js:157:122155)
	at e.callback.t.callback [as _callback] (/home/luckysimba/.vscode-oss/extensions/serayuzgur.crates-0.5.10-universal/dist/extension.js:157:121601)
	at t._callback.t.callback.t.callback (/home/luckysimba/.vscode-oss/extensions/serayuzgur.crates-0.5.10-universal/dist/extension.js:187:4011)
	at U.emit (node:events:526:28)
	at U.onRequestError (/home/luckysimba/.vscode-oss/extensions/serayuzgur.crates-0.5.10-universal/dist/extension.js:187:12990)
	at ClientRequest.emit (node:events:538:35)
	at TLSSocket.socketErrorListener (node:_http_client:442:9)
	at TLSSocket.emit (node:events:526:28)
	at emitErrorNT (node:internal/streams/destroy:157:8)
	at emitErrorCloseNT (node:internal/streams/destroy:122:3)
	at process.processTicksAndRejections (node:internal/process/task_queues:83:21)
2023-01-08 14:05:58.907 [error] RequestService#request (browser) - error https://open-vsx.org/vscode/gallery/extensionquery {"name":"Offline"}
2023-01-08 14:06:01.151 [info] [perf] Render performance baseline is 16ms
2023-01-08 18:13:36.291 [error] [Extension Host] fatal: not a git repository: '/home/luckysimba/.cargo/registry/index/github.com-1ecc6299db9ec823/.git'
2023-01-08 18:13:36.291 [error] [Extension Host] Error: Command failed: git --no-pager --git-dir="/home/luckysimba/.cargo/registry/index/github.com-1ecc6299db9ec823/.git" branch --all
fatal: not a git repository: '/home/luckysimba/.cargo/registry/index/github.com-1ecc6299db9ec823/.git'

	at checkExecSyncError (node:child_process:837:11)
	at execSync (node:child_process:911:15)
	at node:electron/js2c/asar_bundle:5:12704
	at V (/home/luckysimba/.vscode-oss/extensions/serayuzgur.crates-0.5.10-universal/dist/extension.js:211:117568)
	at /home/luckysimba/.vscode-oss/extensions/serayuzgur.crates-0.5.10-universal/dist/extension.js:211:121094
	at ne (/home/luckysimba/.vscode-oss/extensions/serayuzgur.crates-0.5.10-universal/dist/extension.js:211:121114)
	at /home/luckysimba/.vscode-oss/extensions/serayuzgur.crates-0.5.10-universal/dist/extension.js:211:123460
	at Generator.next (<anonymous>)
	at /home/luckysimba/.vscode-oss/extensions/serayuzgur.crates-0.5.10-universal/dist/extension.js:211:122209
	at new Promise (<anonymous>)
	at pe (/home/luckysimba/.vscode-oss/extensions/serayuzgur.crates-0.5.10-universal/dist/extension.js:211:121954)
	at /home/luckysimba/.vscode-oss/extensions/serayuzgur.crates-0.5.10-universal/dist/extension.js:211:123072
	at /home/luckysimba/.vscode-oss/extensions/serayuzgur.crates-0.5.10-universal/dist/extension.js:211:123592
	at Generator.next (<anonymous>)
	at /home/luckysimba/.vscode-oss/extensions/serayuzgur.crates-0.5.10-universal/dist/extension.js:211:122209
	at new Promise (<anonymous>)
	at pe (/home/luckysimba/.vscode-oss/extensions/serayuzgur.crates-0.5.10-universal/dist/extension.js:211:121954)
	at he (/home/luckysimba/.vscode-oss/extensions/serayuzgur.crates-0.5.10-universal/dist/extension.js:211:122878)
	at d.invoke (/opt/vscodium/resources/app/out/vs/workbench/api/node/extensionHostProcess.js:63:145)
	at w.deliver (/opt/vscodium/resources/app/out/vs/workbench/api/node/extensionHostProcess.js:63:2029)
	at g.fire (/opt/vscodium/resources/app/out/vs/workbench/api/node/extensionHostProcess.js:63:1667)
	at /opt/vscodium/resources/app/out/vs/workbench/api/node/extensionHostProcess.js:96:150432
	at d.invoke (/opt/vscodium/resources/app/out/vs/workbench/api/node/extensionHostProcess.js:63:145)
	at w.deliver (/opt/vscodium/resources/app/out/vs/workbench/api/node/extensionHostProcess.js:63:2029)
	at g.fire (/opt/vscodium/resources/app/out/vs/workbench/api/node/extensionHostProcess.js:63:1667)
	at w.acceptDocumentsAndEditorsDelta (/opt/vscodium/resources/app/out/vs/workbench/api/node/extensionHostProcess.js:96:13861)
	at w.$acceptDocumentsAndEditorsDelta (/opt/vscodium/resources/app/out/vs/workbench/api/node/extensionHostProcess.js:96:12176)
	at u.N (/opt/vscodium/resources/app/out/vs/workbench/api/node/extensionHostProcess.js:104:11208)
	at u.M (/opt/vscodium/resources/app/out/vs/workbench/api/node/extensionHostProcess.js:104:10926)
	at u.H (/opt/vscodium/resources/app/out/vs/workbench/api/node/extensionHostProcess.js:104:10019)
	at u.G (/opt/vscodium/resources/app/out/vs/workbench/api/node/extensionHostProcess.js:104:9000)
	at /opt/vscodium/resources/app/out/vs/workbench/api/node/extensionHostProcess.js:104:7788
	at d.invoke (/opt/vscodium/resources/app/out/vs/workbench/api/node/extensionHostProcess.js:63:145)
	at w.deliver (/opt/vscodium/resources/app/out/vs/workbench/api/node/extensionHostProcess.js:63:2029)
	at g.fire (/opt/vscodium/resources/app/out/vs/workbench/api/node/extensionHostProcess.js:63:1667)
	at h.fire (/opt/vscodium/resources/app/out/vs/workbench/api/node/extensionHostProcess.js:72:14314)
	at /opt/vscodium/resources/app/out/vs/workbench/api/node/extensionHostProcess.js:120:15804
	at d.invoke (/opt/vscodium/resources/app/out/vs/workbench/api/node/extensionHostProcess.js:63:145)
	at w.deliver (/opt/vscodium/resources/app/out/vs/workbench/api/node/extensionHostProcess.js:63:2029)
	at g.fire (/opt/vscodium/resources/app/out/vs/workbench/api/node/extensionHostProcess.js:63:1667)
	at h.fire (/opt/vscodium/resources/app/out/vs/workbench/api/node/extensionHostProcess.js:72:14314)
	at c.y (/opt/vscodium/resources/app/out/vs/workbench/api/node/extensionHostProcess.js:72:17324)
	at /opt/vscodium/resources/app/out/vs/workbench/api/node/extensionHostProcess.js:72:15795
	at d.invoke (/opt/vscodium/resources/app/out/vs/workbench/api/node/extensionHostProcess.js:63:145)
	at w.deliver (/opt/vscodium/resources/app/out/vs/workbench/api/node/extensionHostProcess.js:63:2029)
	at g.fire (/opt/vscodium/resources/app/out/vs/workbench/api/node/extensionHostProcess.js:63:1667)
	at g.acceptChunk (/opt/vscodium/resources/app/out/vs/workbench/api/node/extensionHostProcess.js:72:12045)
	at /opt/vscodium/resources/app/out/vs/workbench/api/node/extensionHostProcess.js:72:11332
	at Socket.l (/opt/vscodium/resources/app/out/vs/workbench/api/node/extensionHostProcess.js:72:19792)
	at Socket.emit (node:events:526:28)
	at addChunk (node:internal/streams/readable:315:12)
	at readableAddChunk (node:internal/streams/readable:289:9)
	at Readable.push (node:internal/streams/readable:228:10)
	at Pipe.onStreamRead (node:internal/stream_base_commons:190:23)
2023-01-08 18:13:36.295 [error] [Extension Host] RequestError: Error: getaddrinfo EAI_AGAIN api.github.com
	at new r (/home/luckysimba/.vscode-oss/extensions/serayuzgur.crates-0.5.10-universal/dist/extension.js:157:123481)
	at U.callback (/home/luckysimba/.vscode-oss/extensions/serayuzgur.crates-0.5.10-universal/dist/extension.js:157:122155)
	at e.callback.t.callback [as _callback] (/home/luckysimba/.vscode-oss/extensions/serayuzgur.crates-0.5.10-universal/dist/extension.js:157:121601)
	at t._callback.t.callback.t.callback (/home/luckysimba/.vscode-oss/extensions/serayuzgur.crates-0.5.10-universal/dist/extension.js:187:4011)
	at U.emit (node:events:526:28)
	at U.onRequestError (/home/luckysimba/.vscode-oss/extensions/serayuzgur.crates-0.5.10-universal/dist/extension.js:187:12990)
	at ClientRequest.emit (node:events:538:35)
	at TLSSocket.socketErrorListener (node:_http_client:442:9)
	at TLSSocket.emit (node:events:526:28)
	at emitErrorNT (node:internal/streams/destroy:157:8)
	at emitErrorCloseNT (node:internal/streams/destroy:122:3)
	at process.processTicksAndRejections (node:internal/process/task_queues:83:21)
2023-01-08 18:13:36.295 [error] [Extension Host] RequestError: Error: getaddrinfo EAI_AGAIN api.github.com
	at new r (/home/luckysimba/.vscode-oss/extensions/serayuzgur.crates-0.5.10-universal/dist/extension.js:157:123481)
	at U.callback (/home/luckysimba/.vscode-oss/extensions/serayuzgur.crates-0.5.10-universal/dist/extension.js:157:122155)
	at e.callback.t.callback [as _callback] (/home/luckysimba/.vscode-oss/extensions/serayuzgur.crates-0.5.10-universal/dist/extension.js:157:121601)
	at t._callback.t.callback.t.callback (/home/luckysimba/.vscode-oss/extensions/serayuzgur.crates-0.5.10-universal/dist/extension.js:187:4011)
	at U.emit (node:events:526:28)
	at U.onRequestError (/home/luckysimba/.vscode-oss/extensions/serayuzgur.crates-0.5.10-universal/dist/extension.js:187:12990)
	at ClientRequest.emit (node:events:538:35)
	at TLSSocket.socketErrorListener (node:_http_client:442:9)
	at TLSSocket.emit (node:events:526:28)
	at emitErrorNT (node:internal/streams/destroy:157:8)
	at emitErrorCloseNT (node:internal/streams/destroy:122:3)
	at process.processTicksAndRejections (node:internal/process/task_queues:83:21)
2023-01-08 18:13:36.296 [error] [Extension Host] RequestError: Error: getaddrinfo EAI_AGAIN api.github.com
	at new r (/home/luckysimba/.vscode-oss/extensions/serayuzgur.crates-0.5.10-universal/dist/extension.js:157:123481)
	at U.callback (/home/luckysimba/.vscode-oss/extensions/serayuzgur.crates-0.5.10-universal/dist/extension.js:157:122155)
	at e.callback.t.callback [as _callback] (/home/luckysimba/.vscode-oss/extensions/serayuzgur.crates-0.5.10-universal/dist/extension.js:157:121601)
	at t._callback.t.callback.t.callback (/home/luckysimba/.vscode-oss/extensions/serayuzgur.crates-0.5.10-universal/dist/extension.js:187:4011)
	at U.emit (node:events:526:28)
	at U.onRequestError (/home/luckysimba/.vscode-oss/extensions/serayuzgur.crates-0.5.10-universal/dist/extension.js:187:12990)
	at ClientRequest.emit (node:events:538:35)
	at TLSSocket.socketErrorListener (node:_http_client:442:9)
	at TLSSocket.emit (node:events:526:28)
	at emitErrorNT (node:internal/streams/destroy:157:8)
	at emitErrorCloseNT (node:internal/streams/destroy:122:3)
	at process.processTicksAndRejections (node:internal/process/task_queues:83:21)
2023-01-08 18:13:36.296 [error] [Extension Host] RequestError: Error: getaddrinfo EAI_AGAIN api.github.com
	at new r (/home/luckysimba/.vscode-oss/extensions/serayuzgur.crates-0.5.10-universal/dist/extension.js:157:123481)
	at U.callback (/home/luckysimba/.vscode-oss/extensions/serayuzgur.crates-0.5.10-universal/dist/extension.js:157:122155)
	at e.callback.t.callback [as _callback] (/home/luckysimba/.vscode-oss/extensions/serayuzgur.crates-0.5.10-universal/dist/extension.js:157:121601)
	at t._callback.t.callback.t.callback (/home/luckysimba/.vscode-oss/extensions/serayuzgur.crates-0.5.10-universal/dist/extension.js:187:4011)
	at U.emit (node:events:526:28)
	at U.onRequestError (/home/luckysimba/.vscode-oss/extensions/serayuzgur.crates-0.5.10-universal/dist/extension.js:187:12990)
	at ClientRequest.emit (node:events:538:35)
	at TLSSocket.socketErrorListener (node:_http_client:442:9)
	at TLSSocket.emit (node:events:526:28)
	at emitErrorNT (node:internal/streams/destroy:157:8)
	at emitErrorCloseNT (node:internal/streams/destroy:122:3)
	at process.processTicksAndRejections (node:internal/process/task_queues:83:21)
2023-01-08 18:15:13.791 [error] [Extension Host] fatal: not a git repository: '/home/luckysimba/.cargo/registry/index/github.com-1ecc6299db9ec823/.git'
2023-01-08 18:15:13.792 [error] [Extension Host] Error: Command failed: git --no-pager --git-dir="/home/luckysimba/.cargo/registry/index/github.com-1ecc6299db9ec823/.git" branch --all
fatal: not a git repository: '/home/luckysimba/.cargo/registry/index/github.com-1ecc6299db9ec823/.git'

	at checkExecSyncError (node:child_process:837:11)
	at execSync (node:child_process:911:15)
	at node:electron/js2c/asar_bundle:5:12704
	at V (/home/luckysimba/.vscode-oss/extensions/serayuzgur.crates-0.5.10-universal/dist/extension.js:211:117568)
	at /home/luckysimba/.vscode-oss/extensions/serayuzgur.crates-0.5.10-universal/dist/extension.js:211:121094
	at ne (/home/luckysimba/.vscode-oss/extensions/serayuzgur.crates-0.5.10-universal/dist/extension.js:211:121114)
	at /home/luckysimba/.vscode-oss/extensions/serayuzgur.crates-0.5.10-universal/dist/extension.js:211:123460
	at Generator.next (<anonymous>)
	at /home/luckysimba/.vscode-oss/extensions/serayuzgur.crates-0.5.10-universal/dist/extension.js:211:122209
	at new Promise (<anonymous>)
	at pe (/home/luckysimba/.vscode-oss/extensions/serayuzgur.crates-0.5.10-universal/dist/extension.js:211:121954)
	at /home/luckysimba/.vscode-oss/extensions/serayuzgur.crates-0.5.10-universal/dist/extension.js:211:123072
	at /home/luckysimba/.vscode-oss/extensions/serayuzgur.crates-0.5.10-universal/dist/extension.js:211:123592
	at Generator.next (<anonymous>)
	at /home/luckysimba/.vscode-oss/extensions/serayuzgur.crates-0.5.10-universal/dist/extension.js:211:122209
	at new Promise (<anonymous>)
	at pe (/home/luckysimba/.vscode-oss/extensions/serayuzgur.crates-0.5.10-universal/dist/extension.js:211:121954)
	at he (/home/luckysimba/.vscode-oss/extensions/serayuzgur.crates-0.5.10-universal/dist/extension.js:211:122878)
	at d.invoke (/opt/vscodium/resources/app/out/vs/workbench/api/node/extensionHostProcess.js:63:145)
	at w.deliver (/opt/vscodium/resources/app/out/vs/workbench/api/node/extensionHostProcess.js:63:2029)
	at g.fire (/opt/vscodium/resources/app/out/vs/workbench/api/node/extensionHostProcess.js:63:1667)
	at /opt/vscodium/resources/app/out/vs/workbench/api/node/extensionHostProcess.js:96:150432
	at d.invoke (/opt/vscodium/resources/app/out/vs/workbench/api/node/extensionHostProcess.js:63:145)
	at w.deliver (/opt/vscodium/resources/app/out/vs/workbench/api/node/extensionHostProcess.js:63:2029)
	at g.fire (/opt/vscodium/resources/app/out/vs/workbench/api/node/extensionHostProcess.js:63:1667)
	at w.acceptDocumentsAndEditorsDelta (/opt/vscodium/resources/app/out/vs/workbench/api/node/extensionHostProcess.js:96:13861)
	at w.$acceptDocumentsAndEditorsDelta (/opt/vscodium/resources/app/out/vs/workbench/api/node/extensionHostProcess.js:96:12176)
	at u.N (/opt/vscodium/resources/app/out/vs/workbench/api/node/extensionHostProcess.js:104:11208)
	at u.M (/opt/vscodium/resources/app/out/vs/workbench/api/node/extensionHostProcess.js:104:10926)
	at u.H (/opt/vscodium/resources/app/out/vs/workbench/api/node/extensionHostProcess.js:104:10019)
	at u.G (/opt/vscodium/resources/app/out/vs/workbench/api/node/extensionHostProcess.js:104:9000)
	at /opt/vscodium/resources/app/out/vs/workbench/api/node/extensionHostProcess.js:104:7788
	at d.invoke (/opt/vscodium/resources/app/out/vs/workbench/api/node/extensionHostProcess.js:63:145)
	at w.deliver (/opt/vscodium/resources/app/out/vs/workbench/api/node/extensionHostProcess.js:63:2029)
	at g.fire (/opt/vscodium/resources/app/out/vs/workbench/api/node/extensionHostProcess.js:63:1667)
	at h.fire (/opt/vscodium/resources/app/out/vs/workbench/api/node/extensionHostProcess.js:72:14314)
	at /opt/vscodium/resources/app/out/vs/workbench/api/node/extensionHostProcess.js:120:15804
	at d.invoke (/opt/vscodium/resources/app/out/vs/workbench/api/node/extensionHostProcess.js:63:145)
	at w.deliver (/opt/vscodium/resources/app/out/vs/workbench/api/node/extensionHostProcess.js:63:2029)
	at g.fire (/opt/vscodium/resources/app/out/vs/workbench/api/node/extensionHostProcess.js:63:1667)
	at h.fire (/opt/vscodium/resources/app/out/vs/workbench/api/node/extensionHostProcess.js:72:14314)
	at c.y (/opt/vscodium/resources/app/out/vs/workbench/api/node/extensionHostProcess.js:72:17324)
	at /opt/vscodium/resources/app/out/vs/workbench/api/node/extensionHostProcess.js:72:15795
	at d.invoke (/opt/vscodium/resources/app/out/vs/workbench/api/node/extensionHostProcess.js:63:145)
	at w.deliver (/opt/vscodium/resources/app/out/vs/workbench/api/node/extensionHostProcess.js:63:2029)
	at g.fire (/opt/vscodium/resources/app/out/vs/workbench/api/node/extensionHostProcess.js:63:1667)
	at g.acceptChunk (/opt/vscodium/resources/app/out/vs/workbench/api/node/extensionHostProcess.js:72:12045)
	at /opt/vscodium/resources/app/out/vs/workbench/api/node/extensionHostProcess.js:72:11332
	at Socket.l (/opt/vscodium/resources/app/out/vs/workbench/api/node/extensionHostProcess.js:72:19792)
	at Socket.emit (node:events:526:28)
	at addChunk (node:internal/streams/readable:315:12)
	at readableAddChunk (node:internal/streams/readable:289:9)
	at Readable.push (node:internal/streams/readable:228:10)
	at Pipe.onStreamRead (node:internal/stream_base_commons:190:23)
2023-01-08 18:15:13.793 [error] [Extension Host] RequestError: Error: getaddrinfo EAI_AGAIN api.github.com
	at new r (/home/luckysimba/.vscode-oss/extensions/serayuzgur.crates-0.5.10-universal/dist/extension.js:157:123481)
	at U.callback (/home/luckysimba/.vscode-oss/extensions/serayuzgur.crates-0.5.10-universal/dist/extension.js:157:122155)
	at e.callback.t.callback [as _callback] (/home/luckysimba/.vscode-oss/extensions/serayuzgur.crates-0.5.10-universal/dist/extension.js:157:121601)
	at t._callback.t.callback.t.callback (/home/luckysimba/.vscode-oss/extensions/serayuzgur.crates-0.5.10-universal/dist/extension.js:187:4011)
	at U.emit (node:events:526:28)
	at U.onRequestError (/home/luckysimba/.vscode-oss/extensions/serayuzgur.crates-0.5.10-universal/dist/extension.js:187:12990)
	at ClientRequest.emit (node:events:538:35)
	at TLSSocket.socketErrorListener (node:_http_client:442:9)
	at TLSSocket.emit (node:events:526:28)
	at emitErrorNT (node:internal/streams/destroy:157:8)
	at emitErrorCloseNT (node:internal/streams/destroy:122:3)
	at process.processTicksAndRejections (node:internal/process/task_queues:83:21)
2023-01-08 18:15:13.793 [error] [Extension Host] RequestError: Error: getaddrinfo EAI_AGAIN api.github.com
	at new r (/home/luckysimba/.vscode-oss/extensions/serayuzgur.crates-0.5.10-universal/dist/extension.js:157:123481)
	at U.callback (/home/luckysimba/.vscode-oss/extensions/serayuzgur.crates-0.5.10-universal/dist/extension.js:157:122155)
	at e.callback.t.callback [as _callback] (/home/luckysimba/.vscode-oss/extensions/serayuzgur.crates-0.5.10-universal/dist/extension.js:157:121601)
	at t._callback.t.callback.t.callback (/home/luckysimba/.vscode-oss/extensions/serayuzgur.crates-0.5.10-universal/dist/extension.js:187:4011)
	at U.emit (node:events:526:28)
	at U.onRequestError (/home/luckysimba/.vscode-oss/extensions/serayuzgur.crates-0.5.10-universal/dist/extension.js:187:12990)
	at ClientRequest.emit (node:events:538:35)
	at TLSSocket.socketErrorListener (node:_http_client:442:9)
	at TLSSocket.emit (node:events:526:28)
	at emitErrorNT (node:internal/streams/destroy:157:8)
	at emitErrorCloseNT (node:internal/streams/destroy:122:3)
	at process.processTicksAndRejections (node:internal/process/task_queues:83:21)
2023-01-08 18:15:13.793 [error] [Extension Host] RequestError: Error: getaddrinfo EAI_AGAIN api.github.com
	at new r (/home/luckysimba/.vscode-oss/extensions/serayuzgur.crates-0.5.10-universal/dist/extension.js:157:123481)
	at U.callback (/home/luckysimba/.vscode-oss/extensions/serayuzgur.crates-0.5.10-universal/dist/extension.js:157:122155)
	at e.callback.t.callback [as _callback] (/home/luckysimba/.vscode-oss/extensions/serayuzgur.crates-0.5.10-universal/dist/extension.js:157:121601)
	at t._callback.t.callback.t.callback (/home/luckysimba/.vscode-oss/extensions/serayuzgur.crates-0.5.10-universal/dist/extension.js:187:4011)
	at U.emit (node:events:526:28)
	at U.onRequestError (/home/luckysimba/.vscode-oss/extensions/serayuzgur.crates-0.5.10-universal/dist/extension.js:187:12990)
	at ClientRequest.emit (node:events:538:35)
	at TLSSocket.socketErrorListener (node:_http_client:442:9)
	at TLSSocket.emit (node:events:526:28)
	at emitErrorNT (node:internal/streams/destroy:157:8)
	at emitErrorCloseNT (node:internal/streams/destroy:122:3)
	at process.processTicksAndRejections (node:internal/process/task_queues:83:21)
2023-01-08 18:15:13.793 [error] [Extension Host] RequestError: Error: getaddrinfo EAI_AGAIN api.github.com
	at new r (/home/luckysimba/.vscode-oss/extensions/serayuzgur.crates-0.5.10-universal/dist/extension.js:157:123481)
	at U.callback (/home/luckysimba/.vscode-oss/extensions/serayuzgur.crates-0.5.10-universal/dist/extension.js:157:122155)
	at e.callback.t.callback [as _callback] (/home/luckysimba/.vscode-oss/extensions/serayuzgur.crates-0.5.10-universal/dist/extension.js:157:121601)
	at t._callback.t.callback.t.callback (/home/luckysimba/.vscode-oss/extensions/serayuzgur.crates-0.5.10-universal/dist/extension.js:187:4011)
	at U.emit (node:events:526:28)
	at U.onRequestError (/home/luckysimba/.vscode-oss/extensions/serayuzgur.crates-0.5.10-universal/dist/extension.js:187:12990)
	at ClientRequest.emit (node:events:538:35)
	at TLSSocket.socketErrorListener (node:_http_client:442:9)
	at TLSSocket.emit (node:events:526:28)
	at emitErrorNT (node:internal/streams/destroy:157:8)
	at emitErrorCloseNT (node:internal/streams/destroy:122:3)
	at process.processTicksAndRejections (node:internal/process/task_queues:83:21)
2023-01-08 18:15:18.417 [error] [Extension Host] fatal: not a git repository: '/home/luckysimba/.cargo/registry/index/github.com-1ecc6299db9ec823/.git'
2023-01-08 18:15:18.418 [error] [Extension Host] Error: Command failed: git --no-pager --git-dir="/home/luckysimba/.cargo/registry/index/github.com-1ecc6299db9ec823/.git" branch --all
fatal: not a git repository: '/home/luckysimba/.cargo/registry/index/github.com-1ecc6299db9ec823/.git'

	at checkExecSyncError (node:child_process:837:11)
	at execSync (node:child_process:911:15)
	at node:electron/js2c/asar_bundle:5:12704
	at V (/home/luckysimba/.vscode-oss/extensions/serayuzgur.crates-0.5.10-universal/dist/extension.js:211:117568)
	at /home/luckysimba/.vscode-oss/extensions/serayuzgur.crates-0.5.10-universal/dist/extension.js:211:121094
	at ne (/home/luckysimba/.vscode-oss/extensions/serayuzgur.crates-0.5.10-universal/dist/extension.js:211:121114)
	at /home/luckysimba/.vscode-oss/extensions/serayuzgur.crates-0.5.10-universal/dist/extension.js:211:123460
	at Generator.next (<anonymous>)
	at /home/luckysimba/.vscode-oss/extensions/serayuzgur.crates-0.5.10-universal/dist/extension.js:211:122209
	at new Promise (<anonymous>)
	at pe (/home/luckysimba/.vscode-oss/extensions/serayuzgur.crates-0.5.10-universal/dist/extension.js:211:121954)
	at /home/luckysimba/.vscode-oss/extensions/serayuzgur.crates-0.5.10-universal/dist/extension.js:211:123072
	at /home/luckysimba/.vscode-oss/extensions/serayuzgur.crates-0.5.10-universal/dist/extension.js:211:123592
	at Generator.next (<anonymous>)
	at /home/luckysimba/.vscode-oss/extensions/serayuzgur.crates-0.5.10-universal/dist/extension.js:211:122209
	at new Promise (<anonymous>)
	at pe (/home/luckysimba/.vscode-oss/extensions/serayuzgur.crates-0.5.10-universal/dist/extension.js:211:121954)
	at he (/home/luckysimba/.vscode-oss/extensions/serayuzgur.crates-0.5.10-universal/dist/extension.js:211:122878)
	at /home/luckysimba/.vscode-oss/extensions/serayuzgur.crates-0.5.10-universal/dist/extension.js:211:123907
	at d.invoke (/opt/vscodium/resources/app/out/vs/workbench/api/node/extensionHostProcess.js:63:145)
	at w.deliver (/opt/vscodium/resources/app/out/vs/workbench/api/node/extensionHostProcess.js:63:2029)
	at g.fire (/opt/vscodium/resources/app/out/vs/workbench/api/node/extensionHostProcess.js:63:1667)
	at P.$acceptDirtyStateChanged (/opt/vscodium/resources/app/out/vs/workbench/api/node/extensionHostProcess.js:96:10874)
	at u.N (/opt/vscodium/resources/app/out/vs/workbench/api/node/extensionHostProcess.js:104:11208)
	at u.M (/opt/vscodium/resources/app/out/vs/workbench/api/node/extensionHostProcess.js:104:10926)
	at u.H (/opt/vscodium/resources/app/out/vs/workbench/api/node/extensionHostProcess.js:104:10019)
	at u.G (/opt/vscodium/resources/app/out/vs/workbench/api/node/extensionHostProcess.js:104:9000)
	at /opt/vscodium/resources/app/out/vs/workbench/api/node/extensionHostProcess.js:104:7788
	at d.invoke (/opt/vscodium/resources/app/out/vs/workbench/api/node/extensionHostProcess.js:63:145)
	at w.deliver (/opt/vscodium/resources/app/out/vs/workbench/api/node/extensionHostProcess.js:63:2029)
	at g.fire (/opt/vscodium/resources/app/out/vs/workbench/api/node/extensionHostProcess.js:63:1667)
	at h.fire (/opt/vscodium/resources/app/out/vs/workbench/api/node/extensionHostProcess.js:72:14314)
	at /opt/vscodium/resources/app/out/vs/workbench/api/node/extensionHostProcess.js:120:15804
	at d.invoke (/opt/vscodium/resources/app/out/vs/workbench/api/node/extensionHostProcess.js:63:145)
	at w.deliver (/opt/vscodium/resources/app/out/vs/workbench/api/node/extensionHostProcess.js:63:2029)
	at g.fire (/opt/vscodium/resources/app/out/vs/workbench/api/node/extensionHostProcess.js:63:1667)
	at h.fire (/opt/vscodium/resources/app/out/vs/workbench/api/node/extensionHostProcess.js:72:14314)
	at c.y (/opt/vscodium/resources/app/out/vs/workbench/api/node/extensionHostProcess.js:72:17324)
	at /opt/vscodium/resources/app/out/vs/workbench/api/node/extensionHostProcess.js:72:15795
	at d.invoke (/opt/vscodium/resources/app/out/vs/workbench/api/node/extensionHostProcess.js:63:145)
	at w.deliver (/opt/vscodium/resources/app/out/vs/workbench/api/node/extensionHostProcess.js:63:2029)
	at g.fire (/opt/vscodium/resources/app/out/vs/workbench/api/node/extensionHostProcess.js:63:1667)
	at g.acceptChunk (/opt/vscodium/resources/app/out/vs/workbench/api/node/extensionHostProcess.js:72:12045)
	at /opt/vscodium/resources/app/out/vs/workbench/api/node/extensionHostProcess.js:72:11332
	at Socket.l (/opt/vscodium/resources/app/out/vs/workbench/api/node/extensionHostProcess.js:72:19792)
	at Socket.emit (node:events:526:28)
	at addChunk (node:internal/streams/readable:315:12)
	at readableAddChunk (node:internal/streams/readable:289:9)
	at Readable.push (node:internal/streams/readable:228:10)
	at Pipe.onStreamRead (node:internal/stream_base_commons:190:23)
2023-01-08 18:15:18.418 [error] [Extension Host] fatal: not a git repository: '/home/luckysimba/.cargo/registry/index/github.com-1ecc6299db9ec823/.git'
2023-01-08 18:15:18.418 [error] [Extension Host] Error: Command failed: git --no-pager --git-dir="/home/luckysimba/.cargo/registry/index/github.com-1ecc6299db9ec823/.git" branch --all
fatal: not a git repository: '/home/luckysimba/.cargo/registry/index/github.com-1ecc6299db9ec823/.git'

	at checkExecSyncError (node:child_process:837:11)
	at execSync (node:child_process:911:15)
	at node:electron/js2c/asar_bundle:5:12704
	at V (/home/luckysimba/.vscode-oss/extensions/serayuzgur.crates-0.5.10-universal/dist/extension.js:211:117568)
	at /home/luckysimba/.vscode-oss/extensions/serayuzgur.crates-0.5.10-universal/dist/extension.js:211:121094
	at ne (/home/luckysimba/.vscode-oss/extensions/serayuzgur.crates-0.5.10-universal/dist/extension.js:211:121114)
	at /home/luckysimba/.vscode-oss/extensions/serayuzgur.crates-0.5.10-universal/dist/extension.js:211:123460
	at Generator.next (<anonymous>)
	at /home/luckysimba/.vscode-oss/extensions/serayuzgur.crates-0.5.10-universal/dist/extension.js:211:122209
	at new Promise (<anonymous>)
	at pe (/home/luckysimba/.vscode-oss/extensions/serayuzgur.crates-0.5.10-universal/dist/extension.js:211:121954)
	at /home/luckysimba/.vscode-oss/extensions/serayuzgur.crates-0.5.10-universal/dist/extension.js:211:123072
	at /home/luckysimba/.vscode-oss/extensions/serayuzgur.crates-0.5.10-universal/dist/extension.js:211:123592
	at Generator.next (<anonymous>)
	at /home/luckysimba/.vscode-oss/extensions/serayuzgur.crates-0.5.10-universal/dist/extension.js:211:122209
	at new Promise (<anonymous>)
	at pe (/home/luckysimba/.vscode-oss/extensions/serayuzgur.crates-0.5.10-universal/dist/extension.js:211:121954)
	at he (/home/luckysimba/.vscode-oss/extensions/serayuzgur.crates-0.5.10-universal/dist/extension.js:211:122878)
	at /home/luckysimba/.vscode-oss/extensions/serayuzgur.crates-0.5.10-universal/dist/extension.js:211:123907
	at d.invoke (/opt/vscodium/resources/app/out/vs/workbench/api/node/extensionHostProcess.js:63:145)
	at w.deliver (/opt/vscodium/resources/app/out/vs/workbench/api/node/extensionHostProcess.js:63:2029)
	at g.fire (/opt/vscodium/resources/app/out/vs/workbench/api/node/extensionHostProcess.js:63:1667)
	at P.$acceptDirtyStateChanged (/opt/vscodium/resources/app/out/vs/workbench/api/node/extensionHostProcess.js:96:10874)
	at P.$acceptModelSaved (/opt/vscodium/resources/app/out/vs/workbench/api/node/extensionHostProcess.js:96:10672)
	at u.N (/opt/vscodium/resources/app/out/vs/workbench/api/node/extensionHostProcess.js:104:11208)
	at u.M (/opt/vscodium/resources/app/out/vs/workbench/api/node/extensionHostProcess.js:104:10926)
	at u.H (/opt/vscodium/resources/app/out/vs/workbench/api/node/extensionHostProcess.js:104:10019)
	at u.G (/opt/vscodium/resources/app/out/vs/workbench/api/node/extensionHostProcess.js:104:9000)
	at /opt/vscodium/resources/app/out/vs/workbench/api/node/extensionHostProcess.js:104:7788
	at d.invoke (/opt/vscodium/resources/app/out/vs/workbench/api/node/extensionHostProcess.js:63:145)
	at w.deliver (/opt/vscodium/resources/app/out/vs/workbench/api/node/extensionHostProcess.js:63:2029)
	at g.fire (/opt/vscodium/resources/app/out/vs/workbench/api/node/extensionHostProcess.js:63:1667)
	at h.fire (/opt/vscodium/resources/app/out/vs/workbench/api/node/extensionHostProcess.js:72:14314)
	at /opt/vscodium/resources/app/out/vs/workbench/api/node/extensionHostProcess.js:120:15804
	at d.invoke (/opt/vscodium/resources/app/out/vs/workbench/api/node/extensionHostProcess.js:63:145)
	at w.deliver (/opt/vscodium/resources/app/out/vs/workbench/api/node/extensionHostProcess.js:63:2029)
	at g.fire (/opt/vscodium/resources/app/out/vs/workbench/api/node/extensionHostProcess.js:63:1667)
	at h.fire (/opt/vscodium/resources/app/out/vs/workbench/api/node/extensionHostProcess.js:72:14314)
	at c.y (/opt/vscodium/resources/app/out/vs/workbench/api/node/extensionHostProcess.js:72:17324)
	at /opt/vscodium/resources/app/out/vs/workbench/api/node/extensionHostProcess.js:72:15795
	at d.invoke (/opt/vscodium/resources/app/out/vs/workbench/api/node/extensionHostProcess.js:63:145)
	at w.deliver (/opt/vscodium/resources/app/out/vs/workbench/api/node/extensionHostProcess.js:63:2029)
	at g.fire (/opt/vscodium/resources/app/out/vs/workbench/api/node/extensionHostProcess.js:63:1667)
	at g.acceptChunk (/opt/vscodium/resources/app/out/vs/workbench/api/node/extensionHostProcess.js:72:12045)
	at /opt/vscodium/resources/app/out/vs/workbench/api/node/extensionHostProcess.js:72:11332
	at Socket.l (/opt/vscodium/resources/app/out/vs/workbench/api/node/extensionHostProcess.js:72:19792)
	at Socket.emit (node:events:526:28)
	at addChunk (node:internal/streams/readable:315:12)
	at readableAddChunk (node:internal/streams/readable:289:9)
	at Readable.push (node:internal/streams/readable:228:10)
	at Pipe.onStreamRead (node:internal/stream_base_commons:190:23)
2023-01-08 18:15:18.419 [error] [Extension Host] RequestError: Error: getaddrinfo EAI_AGAIN api.github.com
	at new r (/home/luckysimba/.vscode-oss/extensions/serayuzgur.crates-0.5.10-universal/dist/extension.js:157:123481)
	at U.callback (/home/luckysimba/.vscode-oss/extensions/serayuzgur.crates-0.5.10-universal/dist/extension.js:157:122155)
	at e.callback.t.callback [as _callback] (/home/luckysimba/.vscode-oss/extensions/serayuzgur.crates-0.5.10-universal/dist/extension.js:157:121601)
	at t._callback.t.callback.t.callback (/home/luckysimba/.vscode-oss/extensions/serayuzgur.crates-0.5.10-universal/dist/extension.js:187:4011)
	at U.emit (node:events:526:28)
	at U.onRequestError (/home/luckysimba/.vscode-oss/extensions/serayuzgur.crates-0.5.10-universal/dist/extension.js:187:12990)
	at ClientRequest.emit (node:events:538:35)
	at TLSSocket.socketErrorListener (node:_http_client:442:9)
	at TLSSocket.emit (node:events:526:28)
	at emitErrorNT (node:internal/streams/destroy:157:8)
	at emitErrorCloseNT (node:internal/streams/destroy:122:3)
	at process.processTicksAndRejections (node:internal/process/task_queues:83:21)
2023-01-08 18:15:18.420 [error] [Extension Host] RequestError: Error: getaddrinfo EAI_AGAIN api.github.com
	at new r (/home/luckysimba/.vscode-oss/extensions/serayuzgur.crates-0.5.10-universal/dist/extension.js:157:123481)
	at U.callback (/home/luckysimba/.vscode-oss/extensions/serayuzgur.crates-0.5.10-universal/dist/extension.js:157:122155)
	at e.callback.t.callback [as _callback] (/home/luckysimba/.vscode-oss/extensions/serayuzgur.crates-0.5.10-universal/dist/extension.js:157:121601)
	at t._callback.t.callback.t.callback (/home/luckysimba/.vscode-oss/extensions/serayuzgur.crates-0.5.10-universal/dist/extension.js:187:4011)
	at U.emit (node:events:526:28)
	at U.onRequestError (/home/luckysimba/.vscode-oss/extensions/serayuzgur.crates-0.5.10-universal/dist/extension.js:187:12990)
	at ClientRequest.emit (node:events:538:35)
	at TLSSocket.socketErrorListener (node:_http_client:442:9)
	at TLSSocket.emit (node:events:526:28)
	at emitErrorNT (node:internal/streams/destroy:157:8)
	at emitErrorCloseNT (node:internal/streams/destroy:122:3)
	at process.processTicksAndRejections (node:internal/process/task_queues:83:21)
2023-01-08 18:15:18.420 [error] [Extension Host] RequestError: Error: getaddrinfo EAI_AGAIN api.github.com
	at new r (/home/luckysimba/.vscode-oss/extensions/serayuzgur.crates-0.5.10-universal/dist/extension.js:157:123481)
	at U.callback (/home/luckysimba/.vscode-oss/extensions/serayuzgur.crates-0.5.10-universal/dist/extension.js:157:122155)
	at e.callback.t.callback [as _callback] (/home/luckysimba/.vscode-oss/extensions/serayuzgur.crates-0.5.10-universal/dist/extension.js:157:121601)
	at t._callback.t.callback.t.callback (/home/luckysimba/.vscode-oss/extensions/serayuzgur.crates-0.5.10-universal/dist/extension.js:187:4011)
	at U.emit (node:events:526:28)
	at U.onRequestError (/home/luckysimba/.vscode-oss/extensions/serayuzgur.crates-0.5.10-universal/dist/extension.js:187:12990)
	at ClientRequest.emit (node:events:538:35)
	at TLSSocket.socketErrorListener (node:_http_client:442:9)
	at TLSSocket.emit (node:events:526:28)
	at emitErrorNT (node:internal/streams/destroy:157:8)
	at emitErrorCloseNT (node:internal/streams/destroy:122:3)
	at process.processTicksAndRejections (node:internal/process/task_queues:83:21)
2023-01-08 18:15:18.420 [error] [Extension Host] RequestError: Error: getaddrinfo EAI_AGAIN api.github.com
	at new r (/home/luckysimba/.vscode-oss/extensions/serayuzgur.crates-0.5.10-universal/dist/extension.js:157:123481)
	at U.callback (/home/luckysimba/.vscode-oss/extensions/serayuzgur.crates-0.5.10-universal/dist/extension.js:157:122155)
	at e.callback.t.callback [as _callback] (/home/luckysimba/.vscode-oss/extensions/serayuzgur.crates-0.5.10-universal/dist/extension.js:157:121601)
	at t._callback.t.callback.t.callback (/home/luckysimba/.vscode-oss/extensions/serayuzgur.crates-0.5.10-universal/dist/extension.js:187:4011)
	at U.emit (node:events:526:28)
	at U.onRequestError (/home/luckysimba/.vscode-oss/extensions/serayuzgur.crates-0.5.10-universal/dist/extension.js:187:12990)
	at ClientRequest.emit (node:events:538:35)
	at TLSSocket.socketErrorListener (node:_http_client:442:9)
	at TLSSocket.emit (node:events:526:28)
	at emitErrorNT (node:internal/streams/destroy:157:8)
	at emitErrorCloseNT (node:internal/streams/destroy:122:3)
	at process.processTicksAndRejections (node:internal/process/task_queues:83:21)
2023-01-08 18:15:18.420 [error] [Extension Host] RequestError: Error: getaddrinfo EAI_AGAIN api.github.com
	at new r (/home/luckysimba/.vscode-oss/extensions/serayuzgur.crates-0.5.10-universal/dist/extension.js:157:123481)
	at U.callback (/home/luckysimba/.vscode-oss/extensions/serayuzgur.crates-0.5.10-universal/dist/extension.js:157:122155)
	at e.callback.t.callback [as _callback] (/home/luckysimba/.vscode-oss/extensions/serayuzgur.crates-0.5.10-universal/dist/extension.js:157:121601)
	at t._callback.t.callback.t.callback (/home/luckysimba/.vscode-oss/extensions/serayuzgur.crates-0.5.10-universal/dist/extension.js:187:4011)
	at U.emit (node:events:526:28)
	at U.onRequestError (/home/luckysimba/.vscode-oss/extensions/serayuzgur.crates-0.5.10-universal/dist/extension.js:187:12990)
	at ClientRequest.emit (node:events:538:35)
	at TLSSocket.socketErrorListener (node:_http_client:442:9)
	at TLSSocket.emit (node:events:526:28)
	at emitErrorNT (node:internal/streams/destroy:157:8)
	at emitErrorCloseNT (node:internal/streams/destroy:122:3)
	at process.processTicksAndRejections (node:internal/process/task_queues:83:21)
2023-01-08 18:15:18.421 [error] [Extension Host] RequestError: Error: getaddrinfo EAI_AGAIN api.github.com
	at new r (/home/luckysimba/.vscode-oss/extensions/serayuzgur.crates-0.5.10-universal/dist/extension.js:157:123481)
	at U.callback (/home/luckysimba/.vscode-oss/extensions/serayuzgur.crates-0.5.10-universal/dist/extension.js:157:122155)
	at e.callback.t.callback [as _callback] (/home/luckysimba/.vscode-oss/extensions/serayuzgur.crates-0.5.10-universal/dist/extension.js:157:121601)
	at t._callback.t.callback.t.callback (/home/luckysimba/.vscode-oss/extensions/serayuzgur.crates-0.5.10-universal/dist/extension.js:187:4011)
	at U.emit (node:events:526:28)
	at U.onRequestError (/home/luckysimba/.vscode-oss/extensions/serayuzgur.crates-0.5.10-universal/dist/extension.js:187:12990)
	at ClientRequest.emit (node:events:538:35)
	at TLSSocket.socketErrorListener (node:_http_client:442:9)
	at TLSSocket.emit (node:events:526:28)
	at emitErrorNT (node:internal/streams/destroy:157:8)
	at emitErrorCloseNT (node:internal/streams/destroy:122:3)
	at process.processTicksAndRejections (node:internal/process/task_queues:83:21)
2023-01-08 19:58:49.266 [info] [perf] Render performance baseline is 25ms
