2023-01-08 14:05:58.019 [info] Added views:workbench.panel.markers.view in workbench.panel.markers
2023-01-08 14:05:58.019 [info] Added views:workbench.panel.output in workbench.panel.output
2023-01-08 14:05:58.019 [info] Added views:terminal in terminal
2023-01-08 14:05:58.019 [info] Added views:outline in workbench.view.explorer
2023-01-08 14:05:58.019 [info] Added views:workbench.scm in workbench.view.scm
2023-01-08 14:05:58.019 [info] Added views:workbench.view.search in workbench.view.search
2023-01-08 14:05:58.019 [info] Added views:timeline in workbench.view.explorer
2023-01-08 14:05:58.019 [info] Added views:workbench.explorer.fileView in workbench.view.explorer
2023-01-08 14:05:58.168 [info] Added views:jupyterViewVariables in workbench.view.extension.jupyter-variables
2023-01-08 14:05:58.168 [info] Added views:cell-tag in workbench.view.extension.jupyter
2023-01-08 14:05:58.211 [info] Added views:workbench.debug.welcome in workbench.view.debug
2023-01-08 14:05:58.507 [info] Added views:workbench.panel.repl.view in workbench.panel.repl
2023-01-08 14:05:58.773 [info] Added views:workbench.view.testing in workbench.view.extension.test
2023-01-08 14:05:58.785 [info] Added views:test-explorer in workbench.view.extension.test
2023-01-08 19:58:45.661 [info] Removed views:workbench.view.testing from workbench.view.extension.test
2023-01-08 19:58:46.370 [info] Added views:workbench.panel.markers.view in workbench.panel.markers
2023-01-08 19:58:46.370 [info] Added views:workbench.panel.output in workbench.panel.output
2023-01-08 19:58:46.370 [info] Added views:terminal in terminal
2023-01-08 19:58:46.370 [info] Added views:outline in workbench.view.explorer
2023-01-08 19:58:46.370 [info] Added views:workbench.scm in workbench.view.scm
2023-01-08 19:58:46.370 [info] Added views:workbench.view.search in workbench.view.search
2023-01-08 19:58:46.370 [info] Added views:timeline in workbench.view.explorer
2023-01-08 19:58:46.370 [info] Added views:workbench.explorer.fileView in workbench.view.explorer
2023-01-08 19:58:46.370 [info] Added views:workbench.debug.variablesView,workbench.debug.watchExpressionsView,workbench.debug.callStackView,workbench.debug.breakPointsView in workbench.view.debug
2023-01-08 19:58:46.547 [info] Added views:jupyterViewVariables in workbench.view.extension.jupyter-variables
2023-01-08 19:58:46.547 [info] Added views:cell-tag in workbench.view.extension.jupyter
2023-01-08 19:58:46.803 [info] Added views:workbench.panel.repl.view in workbench.panel.repl
2023-01-08 19:58:46.804 [info] Removed views:workbench.debug.breakPointsView,workbench.debug.callStackView,workbench.debug.watchExpressionsView,workbench.debug.variablesView from workbench.view.debug
2023-01-08 19:58:46.805 [info] Added views:workbench.debug.welcome in workbench.view.debug
2023-01-08 19:58:46.894 [info] Added views:test-explorer in workbench.view.extension.test
2023-01-08 20:36:17.311 [info] Added views:workbench.view.testing in workbench.view.extension.test
2023-01-10 21:54:35.055 [info] Added views:workbench.views.extensions.installed,workbench.views.extensions.popular,extensions.recommendedList in workbench.view.extensions
2023-01-10 21:54:35.057 [info] Removed views:workbench.views.extensions.popular from workbench.view.extensions
2023-01-10 21:54:35.599 [info] Removed views:extensions.recommendedList,workbench.views.extensions.installed from workbench.view.extensions
2023-01-10 21:54:35.613 [info] Added views:workbench.views.extensions.marketplace in workbench.view.extensions
2023-01-10 21:54:57.679 [info] Removed views:workbench.views.extensions.marketplace from workbench.view.extensions
2023-01-10 21:54:57.689 [info] Added views:workbench.views.extensions.installed,extensions.recommendedList in workbench.view.extensions
2023-01-10 21:55:18.504 [info] Removed views:extensions.recommendedList,workbench.views.extensions.installed from workbench.view.extensions
2023-01-10 21:55:18.522 [info] Added views:workbench.views.extensions.marketplace in workbench.view.extensions
