2023-01-08 02:57:45.281 [info] Log level: Info
2023-01-08 02:57:45.281 [info] Validating found git in: "git"
2023-01-08 02:57:45.281 [info] Using git "2.38.2" from "git"
2023-01-08 02:57:45.281 [info] > git rev-parse --show-toplevel [2ms]
2023-01-08 02:57:45.281 [info] > git rev-parse --git-dir --git-common-dir [24ms]
2023-01-08 02:57:45.281 [info] Open repository: /home/luckysimba/rust/actix-gcd
2023-01-08 02:57:45.281 [info] > git rev-parse --show-toplevel [14ms]
2023-01-08 02:57:45.281 [info] > git config --get commit.template [27ms]
2023-01-08 02:57:45.281 [info] > git rev-parse --show-toplevel [21ms]
2023-01-08 02:57:45.281 [warning] No remotes found in the git config file.
2023-01-08 02:57:45.281 [info] > git for-each-ref --format=%(refname)%00%(upstream:short)%00%(objectname)%00%(upstream:track)%00%(upstream:remotename)%00%(upstream:remoteref) refs/heads/master refs/remotes/master [4ms]
2023-01-08 02:57:45.281 [info] > git remote --verbose [1ms]
2023-01-08 02:57:45.281 [info] > git status -z -uall [12ms]
2023-01-08 02:57:45.281 [info] > git for-each-ref --sort -committerdate --format %(refname) %(objectname) %(*objectname) [9ms]
2023-01-08 02:57:45.281 [info] > git config --get commit.template [5ms]
2023-01-08 02:57:45.281 [warning] No remotes found in the git config file.
2023-01-08 02:57:45.281 [info] > git for-each-ref --format=%(refname)%00%(upstream:short)%00%(objectname)%00%(upstream:track)%00%(upstream:remotename)%00%(upstream:remoteref) refs/heads/master refs/remotes/master [6ms]
2023-01-08 02:57:45.281 [info] > git remote --verbose [1ms]
2023-01-08 02:57:45.311 [info] > git status -z -uall [40ms]
2023-01-08 02:57:45.311 [info] > git for-each-ref --sort -committerdate --format %(refname) %(objectname) %(*objectname) [36ms]
2023-01-08 02:57:45.637 [info] > git show --textconv :Cargo.toml [9ms]
2023-01-08 02:57:45.639 [info] > git ls-files --stage -- /home/luckysimba/rust/actix-gcd/Cargo.toml [4ms]
2023-01-08 02:57:45.693 [info] > git check-ignore -v -z --stdin [2ms]
