2023-01-08 01:17:01.908 [info] Added views:workbench.panel.markers.view in workbench.panel.markers
2023-01-08 01:17:01.908 [info] Added views:workbench.panel.output in workbench.panel.output
2023-01-08 01:17:01.908 [info] Added views:terminal in terminal
2023-01-08 01:17:01.908 [info] Added views:outline in workbench.view.explorer
2023-01-08 01:17:01.908 [info] Added views:workbench.scm in workbench.view.scm
2023-01-08 01:17:01.908 [info] Added views:workbench.view.search in workbench.view.search
2023-01-08 01:17:01.908 [info] Added views:timeline in workbench.view.explorer
2023-01-08 01:17:01.908 [info] Added views:workbench.explorer.emptyView in workbench.view.explorer
2023-01-08 01:17:02.202 [info] Added views:workbench.debug.welcome in workbench.view.debug
2023-01-08 01:17:02.229 [info] Added views:workbench.panel.repl.view in workbench.panel.repl
2023-01-08 01:18:21.282 [info] Added views:workbench.views.extensions.installed,workbench.views.extensions.popular,extensions.recommendedList in workbench.view.extensions
2023-01-08 01:18:21.284 [info] Removed views:workbench.views.extensions.popular from workbench.view.extensions
2023-01-08 01:18:21.445 [info] Added views:workbench.views.extensions.popular in workbench.view.extensions
2023-01-08 01:18:43.682 [info] Added views:jupyterViewVariables in workbench.view.extension.jupyter-variables
2023-01-08 01:18:43.684 [info] Added views:cell-tag in workbench.view.extension.jupyter
2023-01-08 01:18:44.357 [info] Added views:workbench.view.testing in workbench.view.extension.test
2023-01-08 01:18:48.564 [info] Removed views:extensions.recommendedList,workbench.views.extensions.popular,workbench.views.extensions.installed from workbench.view.extensions
2023-01-08 01:18:48.598 [info] Added views:workbench.views.extensions.marketplace in workbench.view.extensions
2023-01-08 01:23:06.072 [info] Added views:test-explorer in workbench.view.extension.test
2023-01-08 01:27:21.305 [info] Removed views:workbench.view.testing from workbench.view.extension.test
2023-01-08 01:27:21.964 [info] Added views:workbench.panel.markers.view in workbench.panel.markers
2023-01-08 01:27:21.964 [info] Added views:workbench.panel.output in workbench.panel.output
2023-01-08 01:27:21.964 [info] Added views:terminal in terminal
2023-01-08 01:27:21.964 [info] Added views:outline in workbench.view.explorer
2023-01-08 01:27:21.964 [info] Added views:workbench.scm in workbench.view.scm
2023-01-08 01:27:21.964 [info] Added views:workbench.view.search in workbench.view.search
2023-01-08 01:27:21.964 [info] Added views:timeline in workbench.view.explorer
2023-01-08 01:27:21.964 [info] Added views:workbench.explorer.fileView in workbench.view.explorer
2023-01-08 01:27:21.964 [info] Added views:workbench.debug.variablesView,workbench.debug.watchExpressionsView,workbench.debug.callStackView,workbench.debug.breakPointsView in workbench.view.debug
2023-01-08 01:27:22.159 [info] Added views:jupyterViewVariables in workbench.view.extension.jupyter-variables
2023-01-08 01:27:22.408 [info] Added views:workbench.panel.repl.view in workbench.panel.repl
2023-01-08 01:27:22.409 [info] Removed views:workbench.debug.breakPointsView,workbench.debug.callStackView,workbench.debug.watchExpressionsView,workbench.debug.variablesView from workbench.view.debug
2023-01-08 01:27:22.410 [info] Added views:workbench.debug.welcome in workbench.view.debug
2023-01-08 01:27:22.436 [info] Added views:test-explorer in workbench.view.extension.test
2023-01-08 01:27:33.999 [info] Added views:cell-tag in workbench.view.extension.jupyter
2023-01-08 01:28:39.227 [info] Added views:workbench.view.testing in workbench.view.extension.test
2023-01-08 01:28:50.704 [info] Added views:workbench.views.extensions.installed,workbench.views.extensions.popular,extensions.recommendedList in workbench.view.extensions
2023-01-08 01:28:50.707 [info] Removed views:workbench.views.extensions.popular from workbench.view.extensions
2023-01-08 01:28:54.163 [info] Removed views:extensions.recommendedList,workbench.views.extensions.installed from workbench.view.extensions
2023-01-08 01:28:54.182 [info] Added views:workbench.views.extensions.marketplace in workbench.view.extensions
2023-01-08 02:25:49.730 [info] Removed views:workbench.views.extensions.marketplace from workbench.view.extensions
2023-01-08 02:25:49.739 [info] Added views:workbench.views.extensions.installed,extensions.recommendedList in workbench.view.extensions
2023-01-08 02:25:52.932 [info] Removed views:extensions.recommendedList,workbench.views.extensions.installed from workbench.view.extensions
2023-01-08 02:25:52.949 [info] Added views:workbench.views.extensions.marketplace in workbench.view.extensions
2023-01-08 02:25:53.968 [info] Removed views:workbench.views.extensions.marketplace from workbench.view.extensions
2023-01-08 02:25:53.977 [info] Added views:workbench.views.extensions.installed,extensions.recommendedList in workbench.view.extensions
2023-01-08 02:27:43.002 [info] Removed views:extensions.recommendedList,workbench.views.extensions.installed from workbench.view.extensions
2023-01-08 02:27:43.023 [info] Added views:workbench.views.extensions.marketplace in workbench.view.extensions
2023-01-08 02:54:13.115 [info] Removed views:workbench.view.testing from workbench.view.extension.test
