2023-01-08 02:57:44.971 [error] [Extension Host] fatal: not a git repository: '/home/luckysimba/.cargo/registry/index/github.com-1ecc6299db9ec823/.git'
2023-01-08 02:57:44.971 [error] [Extension Host] Error: Command failed: git --no-pager --git-dir="/home/luckysimba/.cargo/registry/index/github.com-1ecc6299db9ec823/.git" branch --all
fatal: not a git repository: '/home/luckysimba/.cargo/registry/index/github.com-1ecc6299db9ec823/.git'

	at checkExecSyncError (node:child_process:837:11)
	at execSync (node:child_process:911:15)
	at node:electron/js2c/asar_bundle:5:12704
	at V (/home/luckysimba/.vscode-oss/extensions/serayuzgur.crates-0.5.10-universal/dist/extension.js:211:117568)
	at /home/luckysimba/.vscode-oss/extensions/serayuzgur.crates-0.5.10-universal/dist/extension.js:211:121094
	at ne (/home/luckysimba/.vscode-oss/extensions/serayuzgur.crates-0.5.10-universal/dist/extension.js:211:121114)
	at /home/luckysimba/.vscode-oss/extensions/serayuzgur.crates-0.5.10-universal/dist/extension.js:211:123460
	at Generator.next (<anonymous>)
	at /home/luckysimba/.vscode-oss/extensions/serayuzgur.crates-0.5.10-universal/dist/extension.js:211:122209
	at new Promise (<anonymous>)
	at pe (/home/luckysimba/.vscode-oss/extensions/serayuzgur.crates-0.5.10-universal/dist/extension.js:211:121954)
	at /home/luckysimba/.vscode-oss/extensions/serayuzgur.crates-0.5.10-universal/dist/extension.js:211:123072
	at /home/luckysimba/.vscode-oss/extensions/serayuzgur.crates-0.5.10-universal/dist/extension.js:211:123592
	at Generator.next (<anonymous>)
	at /home/luckysimba/.vscode-oss/extensions/serayuzgur.crates-0.5.10-universal/dist/extension.js:211:122209
	at new Promise (<anonymous>)
	at pe (/home/luckysimba/.vscode-oss/extensions/serayuzgur.crates-0.5.10-universal/dist/extension.js:211:121954)
	at he (/home/luckysimba/.vscode-oss/extensions/serayuzgur.crates-0.5.10-universal/dist/extension.js:211:122878)
	at fe (/home/luckysimba/.vscode-oss/extensions/serayuzgur.crates-0.5.10-universal/dist/extension.js:211:124097)
	at Ln.db (/opt/vscodium/resources/app/out/vs/workbench/api/node/extensionHostProcess.js:106:15127)
	at Ln.cb (/opt/vscodium/resources/app/out/vs/workbench/api/node/extensionHostProcess.js:106:14825)
	at /opt/vscodium/resources/app/out/vs/workbench/api/node/extensionHostProcess.js:106:12823
	at process.processTicksAndRejections (node:internal/process/task_queues:96:5)
	at async v.n (/opt/vscodium/resources/app/out/vs/workbench/api/node/extensionHostProcess.js:92:7006)
	at async v.m (/opt/vscodium/resources/app/out/vs/workbench/api/node/extensionHostProcess.js:92:6969)
	at async v.l (/opt/vscodium/resources/app/out/vs/workbench/api/node/extensionHostProcess.js:92:6426)
2023-01-08 02:57:47.360 [info] [perf] Render performance baseline is 23ms
