2023-01-08 01:17:02.808 [info] Starting worker process with pid 15710 (type: fileWatcher, window: 1).
2023-01-08 01:18:34.007 [info] Getting Manifest... ms-python.python
2023-01-08 01:18:34.154 [info] Installing extension: ms-python.python
2023-01-08 01:18:34.386 [info] Getting Manifest... ms-toolsai.jupyter
2023-01-08 01:18:35.072 [info] Getting Manifest... ms-toolsai.jupyter-renderers
2023-01-08 01:18:35.522 [info] Getting Manifest... ms-toolsai.jupyter-keymap
2023-01-08 01:18:36.032 [info] Getting Manifest... ms-toolsai.vscode-jupyter-cell-tags
2023-01-08 01:18:36.545 [info] Getting Manifest... ms-toolsai.vscode-jupyter-slideshow
2023-01-08 01:18:37.009 [info] Getting Manifest... ms-python.isort
2023-01-08 01:18:37.518 [info] Installing extension: ms-toolsai.jupyter ms-python.python
2023-01-08 01:18:37.518 [info] Installing extension: ms-toolsai.jupyter-renderers ms-python.python
2023-01-08 01:18:37.518 [info] Installing extension: ms-toolsai.jupyter-keymap ms-python.python
2023-01-08 01:18:37.518 [info] Installing extension: ms-toolsai.vscode-jupyter-cell-tags ms-python.python
2023-01-08 01:18:37.518 [info] Installing extension: ms-toolsai.vscode-jupyter-slideshow ms-python.python
2023-01-08 01:18:37.518 [info] Installing extension: ms-python.isort ms-python.python
2023-01-08 01:18:38.839 [info] Extracted extension to /home/luckysimba/.vscode-oss/extensions/.825f6b7f-4bc0-4078-a4f7-1fa8ca9eed81: ms-toolsai.jupyter-keymap
2023-01-08 01:18:38.842 [info] Renamed to /home/luckysimba/.vscode-oss/extensions/ms-toolsai.jupyter-keymap-1.0.0-universal
2023-01-08 01:18:38.843 [info] Extracting completed. ms-toolsai.jupyter-keymap
2023-01-08 01:18:38.945 [info] Extracted extension to /home/luckysimba/.vscode-oss/extensions/.7c5e5646-3fc5-42bb-9ea9-9c21e508b8d7: ms-toolsai.vscode-jupyter-slideshow
2023-01-08 01:18:38.949 [info] Renamed to /home/luckysimba/.vscode-oss/extensions/ms-toolsai.vscode-jupyter-slideshow-0.1.5-universal
2023-01-08 01:18:38.949 [info] Extracting completed. ms-toolsai.vscode-jupyter-slideshow
2023-01-08 01:18:40.143 [info] Extracted extension to /home/luckysimba/.vscode-oss/extensions/.eb800890-6c70-474d-a202-627f25b765a9: ms-toolsai.vscode-jupyter-cell-tags
2023-01-08 01:18:40.149 [info] Renamed to /home/luckysimba/.vscode-oss/extensions/ms-toolsai.vscode-jupyter-cell-tags-0.1.6-universal
2023-01-08 01:18:40.149 [info] Extracting completed. ms-toolsai.vscode-jupyter-cell-tags
2023-01-08 01:18:41.480 [info] Extracted extension to /home/luckysimba/.vscode-oss/extensions/.26b18b01-b536-49c9-a145-8689fdc6c907: ms-toolsai.jupyter-renderers
2023-01-08 01:18:41.486 [info] Renamed to /home/luckysimba/.vscode-oss/extensions/ms-toolsai.jupyter-renderers-1.0.12-universal
2023-01-08 01:18:41.488 [info] Extracting completed. ms-toolsai.jupyter-renderers
2023-01-08 01:18:41.642 [info] Extracted extension to /home/luckysimba/.vscode-oss/extensions/.237ea425-7123-4f77-8793-eb7b4ac64c1d: ms-toolsai.jupyter
2023-01-08 01:18:41.648 [info] Renamed to /home/luckysimba/.vscode-oss/extensions/ms-toolsai.jupyter-2022.10.110-universal
2023-01-08 01:18:41.655 [info] Extracting completed. ms-toolsai.jupyter
2023-01-08 01:18:42.755 [info] Extracted extension to /home/luckysimba/.vscode-oss/extensions/.97279a2d-eb08-4e11-a382-b18f2fa0ece7: ms-python.python
2023-01-08 01:18:42.762 [info] Renamed to /home/luckysimba/.vscode-oss/extensions/ms-python.python-2022.20.1-universal
2023-01-08 01:18:42.764 [info] Extracting completed. ms-python.python
2023-01-08 01:18:43.523 [info] Extracted extension to /home/luckysimba/.vscode-oss/extensions/.d05dd33c-d699-4f78-9142-54e416bbcbf0: ms-python.isort
2023-01-08 01:18:43.528 [info] Renamed to /home/luckysimba/.vscode-oss/extensions/ms-python.isort-2022.8.0-universal
2023-01-08 01:18:43.529 [info] Extracting completed. ms-python.isort
2023-01-08 01:18:43.536 [info] Extension installed successfully: ms-toolsai.jupyter-keymap
2023-01-08 01:18:43.536 [info] Extension installed successfully: ms-toolsai.vscode-jupyter-slideshow
2023-01-08 01:18:43.536 [info] Extension installed successfully: ms-toolsai.vscode-jupyter-cell-tags
2023-01-08 01:18:43.536 [info] Extension installed successfully: ms-toolsai.jupyter-renderers
2023-01-08 01:18:43.536 [info] Extension installed successfully: ms-toolsai.jupyter
2023-01-08 01:18:43.537 [info] Extension installed successfully: ms-python.python
2023-01-08 01:18:43.537 [info] Extension installed successfully: ms-python.isort
2023-01-08 01:18:57.349 [info] Getting Manifest... rust-lang.rust
2023-01-08 01:18:57.491 [info] Installing extension: rust-lang.rust
2023-01-08 01:18:58.123 [info] Extracted extension to /home/luckysimba/.vscode-oss/extensions/.2d8f869c-2397-4b00-b814-e73aff406be8: rust-lang.rust
2023-01-08 01:18:58.127 [info] Renamed to /home/luckysimba/.vscode-oss/extensions/rust-lang.rust-0.7.8-universal
2023-01-08 01:18:58.127 [info] Extracting completed. rust-lang.rust
2023-01-08 01:18:58.132 [info] Extension installed successfully: rust-lang.rust
2023-01-08 01:22:20.999 [info] Getting Manifest... rust-lang.rust-analyzer
2023-01-08 01:22:21.248 [info] Installing extension: rust-lang.rust-analyzer
2023-01-08 01:22:23.574 [info] Extracted extension to /home/luckysimba/.vscode-oss/extensions/.658203af-a4d5-4b27-81a6-e60204fe1ce0: rust-lang.rust-analyzer
2023-01-08 01:22:23.580 [info] Renamed to /home/luckysimba/.vscode-oss/extensions/rust-lang.rust-analyzer-0.3.1348-linux-x64
2023-01-08 01:22:23.581 [info] Extracting completed. rust-lang.rust-analyzer
2023-01-08 01:22:23.589 [info] Extension installed successfully: rust-lang.rust-analyzer
2023-01-08 01:22:58.107 [info] Getting Manifest... pinage404.rust-extension-pack
2023-01-08 01:22:58.252 [info] Installing extension: pinage404.rust-extension-pack
2023-01-08 01:22:58.688 [info] Getting Manifest... bungcip.better-toml
2023-01-08 01:22:59.202 [info] Getting Manifest... serayuzgur.crates
2023-01-08 01:22:59.817 [info] Getting Manifest... rust-lang.rust-analyzer
2023-01-08 01:23:00.121 [info] Getting Manifest... swellaby.vscode-rust-test-adapter
2023-01-08 01:23:00.739 [info] Getting Manifest... hbenl.vscode-test-explorer
2023-01-08 01:23:01.486 [info] Getting Manifest... hbenl.test-adapter-converter
2023-01-08 01:23:02.124 [info] Installing extension: bungcip.better-toml pinage404.rust-extension-pack
2023-01-08 01:23:02.124 [info] Installing extension: serayuzgur.crates pinage404.rust-extension-pack
2023-01-08 01:23:02.124 [info] Installing extension: swellaby.vscode-rust-test-adapter pinage404.rust-extension-pack
2023-01-08 01:23:02.124 [info] Installing extension: hbenl.vscode-test-explorer pinage404.rust-extension-pack
2023-01-08 01:23:02.124 [info] Installing extension: hbenl.test-adapter-converter pinage404.rust-extension-pack
2023-01-08 01:23:02.839 [info] Extracted extension to /home/luckysimba/.vscode-oss/extensions/.ba571667-8883-448f-8ff0-f884b179a825: hbenl.test-adapter-converter
2023-01-08 01:23:02.844 [info] Renamed to /home/luckysimba/.vscode-oss/extensions/hbenl.test-adapter-converter-0.1.6-universal
2023-01-08 01:23:02.845 [info] Extracting completed. hbenl.test-adapter-converter
2023-01-08 01:23:02.864 [info] Extracted extension to /home/luckysimba/.vscode-oss/extensions/.2fbb3ede-b99a-43da-a42f-fbed29467e59: bungcip.better-toml
2023-01-08 01:23:02.868 [info] Renamed to /home/luckysimba/.vscode-oss/extensions/bungcip.better-toml-0.3.2-universal
2023-01-08 01:23:02.869 [info] Extracting completed. bungcip.better-toml
2023-01-08 01:23:04.063 [info] Extracted extension to /home/luckysimba/.vscode-oss/extensions/.69586097-5ff9-4edf-9f6f-427dca604712: serayuzgur.crates
2023-01-08 01:23:04.067 [info] Renamed to /home/luckysimba/.vscode-oss/extensions/serayuzgur.crates-0.5.10-universal
2023-01-08 01:23:04.068 [info] Extracting completed. serayuzgur.crates
2023-01-08 01:23:04.671 [info] Extracted extension to /home/luckysimba/.vscode-oss/extensions/.3460c33d-2b6d-4717-a5a8-d072cf51e375: hbenl.vscode-test-explorer
2023-01-08 01:23:04.675 [info] Renamed to /home/luckysimba/.vscode-oss/extensions/hbenl.vscode-test-explorer-2.21.1-universal
2023-01-08 01:23:04.675 [info] Extracting completed. hbenl.vscode-test-explorer
2023-01-08 01:23:05.275 [info] Extracted extension to /home/luckysimba/.vscode-oss/extensions/.19301f4b-5c8a-4194-835e-7c097f040949: swellaby.vscode-rust-test-adapter
2023-01-08 01:23:05.279 [info] Renamed to /home/luckysimba/.vscode-oss/extensions/swellaby.vscode-rust-test-adapter-0.11.1-universal
2023-01-08 01:23:05.280 [info] Extracting completed. swellaby.vscode-rust-test-adapter
2023-01-08 01:23:05.877 [info] Extracted extension to /home/luckysimba/.vscode-oss/extensions/.f178f82c-b39c-40ad-9342-9a08d7b456f5: pinage404.rust-extension-pack
2023-01-08 01:23:05.882 [info] Renamed to /home/luckysimba/.vscode-oss/extensions/pinage404.rust-extension-pack-0.2.0-universal
2023-01-08 01:23:05.883 [info] Extracting completed. pinage404.rust-extension-pack
2023-01-08 01:23:05.898 [info] Extension installed successfully: hbenl.test-adapter-converter
2023-01-08 01:23:05.898 [info] Extension installed successfully: bungcip.better-toml
2023-01-08 01:23:05.898 [info] Extension installed successfully: serayuzgur.crates
2023-01-08 01:23:05.899 [info] Extension installed successfully: hbenl.vscode-test-explorer
2023-01-08 01:23:05.899 [info] Extension installed successfully: swellaby.vscode-rust-test-adapter
2023-01-08 01:23:05.899 [info] Extension installed successfully: pinage404.rust-extension-pack
2023-01-08 01:27:21.311 [info] Worker process with pid 15710 terminated normally (type: fileWatcher, window: 1).
2023-01-08 01:27:22.046 [info] Starting worker process with pid 23888 (type: fileWatcher, window: 1).
2023-01-08 01:30:21.881 [info] Getting Manifest... asvetliakov.vscode-neovim
2023-01-08 01:30:22.132 [info] Installing extension: asvetliakov.vscode-neovim
2023-01-08 01:30:24.207 [info] Extracted extension to /home/luckysimba/.vscode-oss/extensions/.e4034899-90cd-4ffd-aefc-9ac4d220bb86: asvetliakov.vscode-neovim
2023-01-08 01:30:24.211 [info] Renamed to /home/luckysimba/.vscode-oss/extensions/asvetliakov.vscode-neovim-0.0.96-universal
2023-01-08 01:30:24.212 [info] Extracting completed. asvetliakov.vscode-neovim
2023-01-08 01:30:24.219 [info] Extension installed successfully: asvetliakov.vscode-neovim
2023-01-08 02:30:23.668 [info] Getting Manifest... lyonsyonii.rust-syntax
2023-01-08 02:30:23.918 [info] Installing extension: lyonsyonii.rust-syntax
2023-01-08 02:30:24.579 [info] Extracted extension to /home/luckysimba/.vscode-oss/extensions/.c62be088-25ee-4eb6-a88b-0e281c127254: lyonsyonii.rust-syntax
2023-01-08 02:30:24.584 [info] Renamed to /home/luckysimba/.vscode-oss/extensions/lyonsyonii.rust-syntax-0.6.0-universal
2023-01-08 02:30:24.585 [info] Extracting completed. lyonsyonii.rust-syntax
2023-01-08 02:30:24.593 [info] Extension installed successfully: lyonsyonii.rust-syntax
