2023-01-08 14:05:58.458 [info] Extension host with pid 3067 started
2023-01-08 14:05:58.458 [info] Skipping acquiring lock for /home/luckysimba/.config/VSCodium/User/workspaceStorage/291bc96a207176460546dd592ba2b0d4.
2023-01-08 14:05:58.513 [info] ExtensionService#_doActivateExtension bungcip.better-toml, startup: false, activationEvent: 'onLanguage:toml'
2023-01-08 14:05:58.513 [info] ExtensionService#_doActivateExtension ms-python.python, startup: false, activationEvent: 'onLanguage:toml', root cause: ms-python.isort
2023-01-08 14:05:58.514 [info] ExtensionService#_doActivateExtension serayuzgur.crates, startup: false, activationEvent: 'onLanguage:toml'
2023-01-08 14:05:58.514 [info] ExtensionService#_doActivateExtension vscode.git-base, startup: true, activationEvent: '*', root cause: vscode.git
2023-01-08 14:05:58.514 [info] ExtensionService#_doActivateExtension asvetliakov.vscode-neovim, startup: true, activationEvent: '*'
2023-01-08 14:05:58.514 [info] ExtensionService#_doActivateExtension hbenl.test-adapter-converter, startup: true, activationEvent: '*', root cause: hbenl.vscode-test-explorer
2023-01-08 14:05:58.691 [info] ExtensionService#_doActivateExtension vscode.git, startup: true, activationEvent: '*'
2023-01-08 14:05:58.692 [info] ExtensionService#_doActivateExtension vscode.github, startup: true, activationEvent: '*'
2023-01-08 14:05:58.692 [info] ExtensionService#_doActivateExtension hbenl.vscode-test-explorer, startup: true, activationEvent: '*'
2023-01-08 14:05:58.794 [info] ExtensionService#_doActivateExtension ms-python.isort, startup: false, activationEvent: 'onLanguage:toml'
2023-01-08 14:05:58.828 [info] ExtensionService#_doActivateExtension Swellaby.vscode-rust-test-adapter, startup: true, activationEvent: '*'
2023-01-08 14:05:58.832 [error] Activating extension Swellaby.vscode-rust-test-adapter failed due to an error:
2023-01-08 14:05:58.832 [error] Error: Cannot find module '/home/luckysimba/.vscode-oss/extensions/swellaby.vscode-rust-test-adapter-0.11.1-universal/src/main.js'
Require stack:
- /opt/vscodium/resources/app/out/vs/loader.js
- /opt/vscodium/resources/app/out/bootstrap-amd.js
- /opt/vscodium/resources/app/out/bootstrap-fork.js
	at Module._resolveFilename (node:internal/modules/cjs/loader:940:15)
	at Module._load (node:internal/modules/cjs/loader:785:27)
	at c._load (node:electron/js2c/asar_bundle:5:13343)
	at r._load (/opt/vscodium/resources/app/out/vs/workbench/api/node/extensionHostProcess.js:120:13379)
	at w._load (/opt/vscodium/resources/app/out/vs/workbench/api/node/extensionHostProcess.js:115:61900)
	at v._load (/opt/vscodium/resources/app/out/vs/workbench/api/node/extensionHostProcess.js:115:61293)
	at Module.require (node:internal/modules/cjs/loader:1012:19)
	at require (node:internal/modules/cjs/helpers:102:18)
	at Function.r [as __$__nodeRequire] (/opt/vscodium/resources/app/out/vs/loader.js:5:101)
	at d.pb (/opt/vscodium/resources/app/out/vs/workbench/api/node/extensionHostProcess.js:115:63164)
	at process.processTicksAndRejections (node:internal/process/task_queues:96:5)
	at async Promise.all (index 0)
2023-01-08 14:05:58.924 [info] Eager extensions activated
2023-01-08 14:05:58.934 [info] ExtensionService#_doActivateExtension vscode.debug-auto-launch, startup: false, activationEvent: 'onStartupFinished'
2023-01-08 14:05:58.934 [info] ExtensionService#_doActivateExtension vscode.emmet, startup: false, activationEvent: 'onStartupFinished'
2023-01-08 14:05:58.935 [info] ExtensionService#_doActivateExtension vscode.merge-conflict, startup: false, activationEvent: 'onStartupFinished'
2023-01-08 14:08:43.545 [info] ExtensionService#_doActivateExtension rust-lang.rust-analyzer, startup: false, activationEvent: 'onLanguage:rust'
2023-01-08 19:58:45.647 [info] Extension host terminating: received terminate message from renderer
2023-01-08 19:58:45.661 [error] Canceled: Canceled
	at new k (/opt/vscodium/resources/app/out/vs/workbench/api/node/extensionHostProcess.js:94:87831)
	at u.O (/opt/vscodium/resources/app/out/vs/workbench/api/node/extensionHostProcess.js:104:11245)
	at G.<computed>.O.charCodeAt.G.<computed> (/opt/vscodium/resources/app/out/vs/workbench/api/node/extensionHostProcess.js:104:8535)
	at s.g (/opt/vscodium/resources/app/out/vs/workbench/api/node/extensionHostProcess.js:94:107046)
	at s.executeCommand (/opt/vscodium/resources/app/out/vs/workbench/api/node/extensionHostProcess.js:94:106422)
	at Object.executeCommand (/opt/vscodium/resources/app/out/vs/workbench/api/node/extensionHostProcess.js:115:30829)
	at Tl (/home/luckysimba/.vscode-oss/extensions/rust-lang.rust-analyzer-0.3.1348-linux-x64/out/main.js:39:61689)
	at Object.PS (/home/luckysimba/.vscode-oss/extensions/rust-lang.rust-analyzer-0.3.1348-linux-x64/out/main.js:99:358)
	at d.X (/opt/vscodium/resources/app/out/vs/workbench/api/node/extensionHostProcess.js:106:11333)
	at /opt/vscodium/resources/app/out/vs/workbench/api/node/extensionHostProcess.js:106:9301
	at Array.map (<anonymous>)
	at d.Q (/opt/vscodium/resources/app/out/vs/workbench/api/node/extensionHostProcess.js:106:9288)
	at d.terminate (/opt/vscodium/resources/app/out/vs/workbench/api/node/extensionHostProcess.js:106:9563)
	at f.terminate (/opt/vscodium/resources/app/out/vs/workbench/api/node/extensionHostProcess.js:110:1397)
	at b (/opt/vscodium/resources/app/out/vs/workbench/api/node/extensionHostProcess.js:120:17815)
	at /opt/vscodium/resources/app/out/vs/workbench/api/node/extensionHostProcess.js:120:15750
	at d.invoke (/opt/vscodium/resources/app/out/vs/workbench/api/node/extensionHostProcess.js:63:145)
	at w.deliver (/opt/vscodium/resources/app/out/vs/workbench/api/node/extensionHostProcess.js:63:2029)
	at g.fire (/opt/vscodium/resources/app/out/vs/workbench/api/node/extensionHostProcess.js:63:1667)
	at h.fire (/opt/vscodium/resources/app/out/vs/workbench/api/node/extensionHostProcess.js:72:14314)
	at c.y (/opt/vscodium/resources/app/out/vs/workbench/api/node/extensionHostProcess.js:72:17324)
	at /opt/vscodium/resources/app/out/vs/workbench/api/node/extensionHostProcess.js:72:15795
	at d.invoke (/opt/vscodium/resources/app/out/vs/workbench/api/node/extensionHostProcess.js:63:145)
	at w.deliver (/opt/vscodium/resources/app/out/vs/workbench/api/node/extensionHostProcess.js:63:2029)
	at g.fire (/opt/vscodium/resources/app/out/vs/workbench/api/node/extensionHostProcess.js:63:1667)
	at g.acceptChunk (/opt/vscodium/resources/app/out/vs/workbench/api/node/extensionHostProcess.js:72:12045)
	at /opt/vscodium/resources/app/out/vs/workbench/api/node/extensionHostProcess.js:72:11332
	at Socket.l (/opt/vscodium/resources/app/out/vs/workbench/api/node/extensionHostProcess.js:72:19792)
	at Socket.emit (node:events:526:28)
	at addChunk (node:internal/streams/readable:315:12)
	at readableAddChunk (node:internal/streams/readable:289:9)
	at Readable.push (node:internal/streams/readable:228:10)
	at Pipe.onStreamRead (node:internal/stream_base_commons:190:23)
2023-01-08 19:58:45.662 [error] Error: read ECONNRESET
	at Pipe.onStreamRead (node:internal/stream_base_commons:217:20)
2023-01-08 19:58:45.664 [info] Extension host with pid 3067 exiting with code 0
2023-01-08 19:58:46.774 [info] Extension host with pid 16330 started
2023-01-08 19:58:46.774 [info] Skipping acquiring lock for /home/luckysimba/.config/VSCodium/User/workspaceStorage/14804c83c62b527a2e2147e1193e2a65.
2023-01-08 19:58:46.810 [info] ExtensionService#_doActivateExtension vscode.git-base, startup: true, activationEvent: '*', root cause: vscode.git
2023-01-08 19:58:46.811 [info] ExtensionService#_doActivateExtension asvetliakov.vscode-neovim, startup: true, activationEvent: '*'
2023-01-08 19:58:46.811 [info] ExtensionService#_doActivateExtension hbenl.test-adapter-converter, startup: true, activationEvent: '*', root cause: hbenl.vscode-test-explorer
2023-01-08 19:58:46.811 [info] ExtensionService#_doActivateExtension serayuzgur.crates, startup: true, activationEvent: 'workspaceContains:Cargo.toml'
2023-01-08 19:58:46.856 [info] ExtensionService#_doActivateExtension vscode.git, startup: true, activationEvent: '*'
2023-01-08 19:58:46.856 [info] ExtensionService#_doActivateExtension vscode.github, startup: true, activationEvent: '*'
2023-01-08 19:58:46.856 [info] ExtensionService#_doActivateExtension hbenl.vscode-test-explorer, startup: true, activationEvent: '*'
2023-01-08 19:58:46.901 [info] ExtensionService#_doActivateExtension Swellaby.vscode-rust-test-adapter, startup: true, activationEvent: '*'
2023-01-08 19:58:46.902 [error] Activating extension Swellaby.vscode-rust-test-adapter failed due to an error:
2023-01-08 19:58:46.902 [error] Error: Cannot find module '/home/luckysimba/.vscode-oss/extensions/swellaby.vscode-rust-test-adapter-0.11.1-universal/src/main.js'
Require stack:
- /opt/vscodium/resources/app/out/vs/loader.js
- /opt/vscodium/resources/app/out/bootstrap-amd.js
- /opt/vscodium/resources/app/out/bootstrap-fork.js
	at Module._resolveFilename (node:internal/modules/cjs/loader:940:15)
	at Module._load (node:internal/modules/cjs/loader:785:27)
	at c._load (node:electron/js2c/asar_bundle:5:13343)
	at r._load (/opt/vscodium/resources/app/out/vs/workbench/api/node/extensionHostProcess.js:120:13379)
	at w._load (/opt/vscodium/resources/app/out/vs/workbench/api/node/extensionHostProcess.js:115:61900)
	at v._load (/opt/vscodium/resources/app/out/vs/workbench/api/node/extensionHostProcess.js:115:61293)
	at Module.require (node:internal/modules/cjs/loader:1012:19)
	at require (node:internal/modules/cjs/helpers:102:18)
	at Function.r [as __$__nodeRequire] (/opt/vscodium/resources/app/out/vs/loader.js:5:101)
	at d.pb (/opt/vscodium/resources/app/out/vs/workbench/api/node/extensionHostProcess.js:115:63164)
	at process.processTicksAndRejections (node:internal/process/task_queues:96:5)
	at async Promise.all (index 0)
2023-01-08 19:58:46.914 [info] Eager extensions activated
2023-01-08 19:58:46.932 [info] ExtensionService#_doActivateExtension vscode.debug-auto-launch, startup: false, activationEvent: 'onStartupFinished'
2023-01-08 19:58:46.932 [info] ExtensionService#_doActivateExtension vscode.emmet, startup: false, activationEvent: 'onStartupFinished'
2023-01-08 19:58:46.933 [info] ExtensionService#_doActivateExtension vscode.merge-conflict, startup: false, activationEvent: 'onStartupFinished'
2023-01-08 19:58:51.361 [info] ExtensionService#_doActivateExtension rust-lang.rust-analyzer, startup: false, activationEvent: 'onLanguage:rust'
2023-01-08 20:36:17.199 [info] ExtensionService#_doActivateExtension bungcip.better-toml, startup: false, activationEvent: 'onLanguage:toml'
2023-01-08 20:36:17.199 [info] ExtensionService#_doActivateExtension ms-python.python, startup: false, activationEvent: 'onLanguage:toml', root cause: ms-python.isort
2023-01-08 20:36:17.314 [info] ExtensionService#_doActivateExtension ms-python.isort, startup: false, activationEvent: 'onLanguage:toml'
2023-01-10 21:52:45.706 [info] ExtensionService#_doActivateExtension vscode.configuration-editing, startup: false, activationEvent: 'onLanguage:jsonc'
2023-01-10 21:52:45.706 [info] ExtensionService#_doActivateExtension vscode.json-language-features, startup: false, activationEvent: 'onLanguage:jsonc'
2023-01-10 21:52:45.706 [info] ExtensionService#_doActivateExtension vscode.typescript-language-features, startup: false, activationEvent: 'onLanguage:jsonc'
2023-01-10 21:56:15.446 [info] ExtensionService#_doActivateExtension equinusocio.vsc-material-theme-icons, startup: false, activationEvent: 'onStartupFinished'
2023-01-10 21:56:18.136 [info] ExtensionService#_doActivateExtension Equinusocio.vsc-material-theme, startup: false, activationEvent: 'onStartupFinished'
