Name: isort
Module: isort
Python extension loading
Waiting for interpreter from python extension.
Python extension loaded
CWD Server: /home/luckysimba/rust/mandelbrot
sys.path used to run Server:
   /home/luckysimba/.vscode-oss/extensions/ms-python.isort-2022.8.0-universal/bundled/libs
   /home/luckysimba/.vscode-oss/extensions/ms-python.isort-2022.8.0-universal/bundled/tool
   /usr/lib/python311.zip
   /usr/lib/python3.11
   /usr/lib/python3.11/lib-dynload
   /usr/lib/python3.11/site-packages
Settings used to run Server:
[
    {
        "check": false,
        "workspace": "file:///home/luckysimba/rust/mandelbrot",
        "logLevel": "error",
        "args": [],
        "severity": {
            "W": "Warning",
            "E": "Hint"
        },
        "path": [],
        "interpreter": [
            "/usr/bin/python3.11"
        ],
        "importStrategy": "useBundled",
        "showNotifications": "off"
    }
]

/usr/bin/python3.11 -m isort --version-number
CWD Linter: /home/luckysimba/rust/mandelbrot
Version info for isort running for /home/luckysimba/rust/mandelbrot:
5.10.1

SUPPORTED isort>=5.10.1
FOUND isort==5.10.1

