2023-01-08 02:57:44.776 [info] Extension host with pid 12176 started
2023-01-08 02:57:44.776 [info] Skipping acquiring lock for /home/luckysimba/.config/VSCodium/User/workspaceStorage/291bc96a207176460546dd592ba2b0d4.
2023-01-08 02:57:44.832 [info] ExtensionService#_doActivateExtension bungcip.better-toml, startup: false, activationEvent: 'onLanguage:toml'
2023-01-08 02:57:44.832 [info] ExtensionService#_doActivateExtension ms-python.python, startup: false, activationEvent: 'onLanguage:toml', root cause: ms-python.isort
2023-01-08 02:57:44.832 [info] ExtensionService#_doActivateExtension serayuzgur.crates, startup: false, activationEvent: 'onLanguage:toml'
2023-01-08 02:57:44.832 [info] ExtensionService#_doActivateExtension vscode.git-base, startup: true, activationEvent: '*', root cause: vscode.git
2023-01-08 02:57:44.833 [info] ExtensionService#_doActivateExtension asvetliakov.vscode-neovim, startup: true, activationEvent: '*'
2023-01-08 02:57:44.833 [info] ExtensionService#_doActivateExtension hbenl.test-adapter-converter, startup: true, activationEvent: '*', root cause: hbenl.vscode-test-explorer
2023-01-08 02:57:44.989 [info] ExtensionService#_doActivateExtension vscode.git, startup: true, activationEvent: '*'
2023-01-08 02:57:44.990 [info] ExtensionService#_doActivateExtension vscode.github, startup: true, activationEvent: '*'
2023-01-08 02:57:44.990 [info] ExtensionService#_doActivateExtension hbenl.vscode-test-explorer, startup: true, activationEvent: '*'
2023-01-08 02:57:45.103 [info] ExtensionService#_doActivateExtension ms-python.isort, startup: false, activationEvent: 'onLanguage:toml'
2023-01-08 02:57:45.154 [info] ExtensionService#_doActivateExtension Swellaby.vscode-rust-test-adapter, startup: true, activationEvent: '*'
2023-01-08 02:57:45.156 [error] Activating extension Swellaby.vscode-rust-test-adapter failed due to an error:
2023-01-08 02:57:45.156 [error] Error: Cannot find module '/home/luckysimba/.vscode-oss/extensions/swellaby.vscode-rust-test-adapter-0.11.1-universal/src/main.js'
Require stack:
- /opt/vscodium/resources/app/out/vs/loader.js
- /opt/vscodium/resources/app/out/bootstrap-amd.js
- /opt/vscodium/resources/app/out/bootstrap-fork.js
	at Module._resolveFilename (node:internal/modules/cjs/loader:940:15)
	at Module._load (node:internal/modules/cjs/loader:785:27)
	at c._load (node:electron/js2c/asar_bundle:5:13343)
	at r._load (/opt/vscodium/resources/app/out/vs/workbench/api/node/extensionHostProcess.js:120:13379)
	at w._load (/opt/vscodium/resources/app/out/vs/workbench/api/node/extensionHostProcess.js:115:61900)
	at v._load (/opt/vscodium/resources/app/out/vs/workbench/api/node/extensionHostProcess.js:115:61293)
	at Module.require (node:internal/modules/cjs/loader:1012:19)
	at require (node:internal/modules/cjs/helpers:102:18)
	at Function.r [as __$__nodeRequire] (/opt/vscodium/resources/app/out/vs/loader.js:5:101)
	at d.pb (/opt/vscodium/resources/app/out/vs/workbench/api/node/extensionHostProcess.js:115:63164)
	at process.processTicksAndRejections (node:internal/process/task_queues:96:5)
	at async Promise.all (index 0)
2023-01-08 02:57:45.156 [info] Eager extensions activated
2023-01-08 02:57:45.202 [info] ExtensionService#_doActivateExtension vscode.debug-auto-launch, startup: false, activationEvent: 'onStartupFinished'
2023-01-08 02:57:45.202 [info] ExtensionService#_doActivateExtension vscode.emmet, startup: false, activationEvent: 'onStartupFinished'
2023-01-08 02:57:45.203 [info] ExtensionService#_doActivateExtension vscode.merge-conflict, startup: false, activationEvent: 'onStartupFinished'
