2023-01-08 14:05:58.575 [info] Starting worker process with pid 3128 (type: fileWatcher, window: 1).
2023-01-08 19:58:45.721 [info] Worker process with pid 3128 terminated normally (type: fileWatcher, window: 1).
2023-01-08 19:58:46.447 [info] Starting worker process with pid 16329 (type: fileWatcher, window: 1).
2023-01-10 21:54:39.301 [info] Getting Manifest... rust-lang.rust-analyzer
2023-01-10 21:54:40.723 [info] Installing extension: rust-lang.rust-analyzer
2023-01-10 21:54:45.350 [info] Extracted extension to /home/luckysimba/.vscode-oss/extensions/.9775febb-8103-498c-99fe-7a71a384f978: rust-lang.rust-analyzer
2023-01-10 21:54:45.356 [info] Renamed to /home/luckysimba/.vscode-oss/extensions/rust-lang.rust-analyzer-0.3.1361-linux-x64
2023-01-10 21:54:45.357 [info] Extracting completed. rust-lang.rust-analyzer
2023-01-10 21:54:45.365 [info] Extension installed successfully: rust-lang.rust-analyzer
2023-01-10 21:54:45.380 [info] Marked extension as uninstalled rust-lang.rust-analyzer-0.3.1348-linux-x64
2023-01-10 21:56:13.120 [info] Getting Manifest... equinusocio.vsc-material-theme-icons
2023-01-10 21:56:13.377 [info] Installing extension: equinusocio.vsc-material-theme-icons
2023-01-10 21:56:15.142 [info] Getting Manifest... equinusocio.vsc-material-theme
2023-01-10 21:56:15.274 [info] Installing extension: equinusocio.vsc-material-theme
2023-01-10 21:56:15.372 [info] Extracted extension to /home/luckysimba/.vscode-oss/extensions/.aba72cf9-8269-4cfc-912a-8febc4254a15: equinusocio.vsc-material-theme-icons
2023-01-10 21:56:15.381 [info] Renamed to /home/luckysimba/.vscode-oss/extensions/equinusocio.vsc-material-theme-icons-2.5.0-universal
2023-01-10 21:56:15.382 [info] Extracting completed. equinusocio.vsc-material-theme-icons
2023-01-10 21:56:15.391 [info] Extension installed successfully: equinusocio.vsc-material-theme-icons
2023-01-10 21:56:15.523 [info] Getting Manifest... equinusocio.vsc-community-material-theme
2023-01-10 21:56:15.959 [info] Getting Manifest... equinusocio.vsc-material-theme-icons
2023-01-10 21:56:16.213 [info] Installing extension: equinusocio.vsc-community-material-theme equinusocio.vsc-material-theme
2023-01-10 21:56:17.515 [info] Extracted extension to /home/luckysimba/.vscode-oss/extensions/.e1e388e7-dce5-4125-843b-2c21d1e79a3b: equinusocio.vsc-community-material-theme
2023-01-10 21:56:17.519 [info] Renamed to /home/luckysimba/.vscode-oss/extensions/equinusocio.vsc-community-material-theme-1.4.4-universal
2023-01-10 21:56:17.520 [info] Extracting completed. equinusocio.vsc-community-material-theme
2023-01-10 21:56:18.062 [info] Extracted extension to /home/luckysimba/.vscode-oss/extensions/.6d67f9fb-a417-4096-ae89-f40d400a9090: equinusocio.vsc-material-theme
2023-01-10 21:56:18.066 [info] Renamed to /home/luckysimba/.vscode-oss/extensions/equinusocio.vsc-material-theme-33.6.0-universal
2023-01-10 21:56:18.067 [info] Extracting completed. equinusocio.vsc-material-theme
2023-01-10 21:56:18.073 [info] Extension installed successfully: equinusocio.vsc-community-material-theme
2023-01-10 21:56:18.073 [info] Extension installed successfully: equinusocio.vsc-material-theme
2023-01-10 21:56:33.176 [info] Getting Manifest... artlaman.chalice-color-theme
2023-01-10 21:56:33.370 [info] Installing extension: artlaman.chalice-color-theme
2023-01-10 21:56:34.210 [info] Extracted extension to /home/luckysimba/.vscode-oss/extensions/.9e61d6cd-88d6-4bda-bda0-84e306284502: artlaman.chalice-color-theme
2023-01-10 21:56:34.215 [info] Renamed to /home/luckysimba/.vscode-oss/extensions/artlaman.chalice-color-theme-1.0.2-universal
2023-01-10 21:56:34.216 [info] Extracting completed. artlaman.chalice-color-theme
2023-01-10 21:56:34.224 [info] Extension installed successfully: artlaman.chalice-color-theme
2023-01-10 21:57:00.005 [info] Getting Manifest... muhammad-sammy.rider-theme
2023-01-10 21:57:00.204 [info] Installing extension: muhammad-sammy.rider-theme
2023-01-10 21:57:01.043 [info] Extracted extension to /home/luckysimba/.vscode-oss/extensions/.85539742-0e2c-4c8f-9bde-c40339b70112: muhammad-sammy.rider-theme
2023-01-10 21:57:01.064 [info] Renamed to /home/luckysimba/.vscode-oss/extensions/muhammad-sammy.rider-theme-1.1.1-universal
2023-01-10 21:57:01.068 [info] Extracting completed. muhammad-sammy.rider-theme
2023-01-10 21:57:01.096 [info] Extension installed successfully: muhammad-sammy.rider-theme
2023-01-10 21:57:10.664 [info] Getting Manifest... muhammad-sammy.solarized-sharp-vscode
2023-01-10 21:57:10.852 [info] Installing extension: muhammad-sammy.solarized-sharp-vscode
2023-01-10 21:57:11.711 [info] Extracted extension to /home/luckysimba/.vscode-oss/extensions/.ccf2d10d-b269-42d9-9203-1a92b42fae10: muhammad-sammy.solarized-sharp-vscode
2023-01-10 21:57:11.736 [info] Renamed to /home/luckysimba/.vscode-oss/extensions/muhammad-sammy.solarized-sharp-vscode-1.0.4-universal
2023-01-10 21:57:11.739 [info] Extracting completed. muhammad-sammy.solarized-sharp-vscode
2023-01-10 21:57:11.771 [info] Extension installed successfully: muhammad-sammy.solarized-sharp-vscode
2023-01-10 21:57:16.281 [info] Getting Manifest... wendreof.ufo
2023-01-10 21:57:16.426 [info] Installing extension: wendreof.ufo
2023-01-10 21:57:18.577 [info] Extracted extension to /home/luckysimba/.vscode-oss/extensions/.96073bac-173c-4736-ad63-8ef3e1351196: wendreof.ufo
2023-01-10 21:57:18.602 [info] Renamed to /home/luckysimba/.vscode-oss/extensions/wendreof.ufo-0.0.12-universal
2023-01-10 21:57:18.604 [info] Extracting completed. wendreof.ufo
2023-01-10 21:57:18.631 [info] Extension installed successfully: wendreof.ufo
2023-01-10 21:57:36.747 [info] Getting Manifest... jdinhlife.gruvbox
2023-01-10 21:57:36.882 [info] Installing extension: jdinhlife.gruvbox
2023-01-10 21:57:37.883 [info] Extracted extension to /home/luckysimba/.vscode-oss/extensions/.00e3e25b-5e27-4f82-93c1-0c29593ff923: jdinhlife.gruvbox
2023-01-10 21:57:37.901 [info] Renamed to /home/luckysimba/.vscode-oss/extensions/jdinhlife.gruvbox-1.8.0-universal
2023-01-10 21:57:37.903 [info] Extracting completed. jdinhlife.gruvbox
2023-01-10 21:57:37.928 [info] Extension installed successfully: jdinhlife.gruvbox
2023-01-10 21:58:19.974 [info] Getting Manifest... muchiros.attention-theme
2023-01-10 21:58:20.114 [info] Installing extension: muchiros.attention-theme
2023-01-10 21:58:20.813 [info] Extracted extension to /home/luckysimba/.vscode-oss/extensions/.8d3152b4-89bc-4f5a-8a08-541035dde23c: muchiros.attention-theme
2023-01-10 21:58:20.822 [info] Renamed to /home/luckysimba/.vscode-oss/extensions/muchiros.attention-theme-0.0.4-universal
2023-01-10 21:58:20.825 [info] Extracting completed. muchiros.attention-theme
2023-01-10 21:58:20.840 [info] Extension installed successfully: muchiros.attention-theme
