2023-01-08 14:05:58.935 [info] Log level: Info
2023-01-08 14:05:58.935 [info] Validating found git in: "git"
2023-01-08 14:05:58.935 [info] Using git "2.38.2" from "git"
2023-01-08 14:05:58.935 [info] > git rev-parse --show-toplevel [15ms]
2023-01-08 14:05:58.935 [info] > git rev-parse --git-dir --git-common-dir [1ms]
2023-01-08 14:05:58.935 [info] Open repository: /home/luckysimba/rust/actix-gcd
2023-01-08 14:05:58.935 [info] > git rev-parse --show-toplevel [10ms]
2023-01-08 14:05:58.935 [info] > git config --get commit.template [15ms]
2023-01-08 14:05:58.935 [info] > git rev-parse --show-toplevel [8ms]
2023-01-08 14:05:58.935 [warning] No remotes found in the git config file.
2023-01-08 14:05:58.935 [info] > git remote --verbose [1ms]
2023-01-08 14:05:58.935 [info] > git for-each-ref --format=%(refname)%00%(upstream:short)%00%(objectname)%00%(upstream:track)%00%(upstream:remotename)%00%(upstream:remoteref) refs/heads/master refs/remotes/master [3ms]
2023-01-08 14:05:58.935 [info] > git status -z -uall [4ms]
2023-01-08 14:05:58.935 [info] > git for-each-ref --sort -committerdate --format %(refname) %(objectname) %(*objectname) [21ms]
2023-01-08 14:05:58.935 [info] > git config --get commit.template [15ms]
2023-01-08 14:05:58.935 [warning] No remotes found in the git config file.
2023-01-08 14:05:58.935 [info] > git remote --verbose [4ms]
2023-01-08 14:05:58.935 [info] > git for-each-ref --format=%(refname)%00%(upstream:short)%00%(objectname)%00%(upstream:track)%00%(upstream:remotename)%00%(upstream:remoteref) refs/heads/master refs/remotes/master [6ms]
2023-01-08 14:05:58.935 [info] > git status -z -uall [11ms]
2023-01-08 14:05:58.935 [info] > git for-each-ref --sort -committerdate --format %(refname) %(objectname) %(*objectname) [8ms]
2023-01-08 14:05:59.282 [info] > git show --textconv :Cargo.toml [3ms]
2023-01-08 14:05:59.282 [info] > git ls-files --stage -- /home/luckysimba/rust/actix-gcd/Cargo.toml [0ms]
2023-01-08 14:05:59.409 [info] > git check-ignore -v -z --stdin [0ms]
2023-01-08 14:08:43.745 [info] > git show --textconv :src/main.rs [3ms]
2023-01-08 14:08:43.745 [info] > git ls-files --stage -- /home/luckysimba/rust/actix-gcd/src/main.rs [0ms]
2023-01-08 14:08:46.530 [info] > git check-ignore -v -z --stdin [1ms]
2023-01-08 14:08:46.898 [warning] No remotes found in the git config file.
2023-01-08 14:08:46.899 [info] > git config --get commit.template [5ms]
2023-01-08 14:08:46.899 [info] > git remote --verbose [1ms]
2023-01-08 14:08:46.899 [info] > git for-each-ref --format=%(refname)%00%(upstream:short)%00%(objectname)%00%(upstream:track)%00%(upstream:remotename)%00%(upstream:remoteref) refs/heads/master refs/remotes/master [2ms]
2023-01-08 14:08:46.903 [info] > git status -z -uall [2ms]
2023-01-08 14:08:46.903 [info] > git for-each-ref --sort -committerdate --format %(refname) %(objectname) %(*objectname) [1ms]
2023-01-08 18:14:15.058 [warning] No remotes found in the git config file.
2023-01-08 18:14:15.060 [info] > git config --get commit.template [10ms]
2023-01-08 18:14:15.067 [info] > git remote --verbose [9ms]
2023-01-08 18:14:15.067 [info] > git for-each-ref --format=%(refname)%00%(upstream:short)%00%(objectname)%00%(upstream:track)%00%(upstream:remotename)%00%(upstream:remoteref) refs/heads/master refs/remotes/master [1ms]
2023-01-08 18:14:15.076 [info] > git status -z -uall [4ms]
2023-01-08 18:14:15.077 [info] > git for-each-ref --sort -committerdate --format %(refname) %(objectname) %(*objectname) [1ms]
2023-01-08 18:15:19.652 [info] > git config --get commit.template [0ms]
2023-01-08 18:15:19.660 [warning] No remotes found in the git config file.
2023-01-08 18:15:19.661 [info] > git for-each-ref --format=%(refname)%00%(upstream:short)%00%(objectname)%00%(upstream:track)%00%(upstream:remotename)%00%(upstream:remoteref) refs/heads/master refs/remotes/master [5ms]
2023-01-08 18:15:19.661 [info] > git remote --verbose [1ms]
2023-01-08 18:15:19.671 [info] > git status -z -uall [4ms]
2023-01-08 18:15:19.672 [info] > git for-each-ref --sort -committerdate --format %(refname) %(objectname) %(*objectname) [1ms]
2023-01-08 18:16:31.319 [info] > git config --get commit.template [1ms]
2023-01-08 18:16:31.325 [warning] No remotes found in the git config file.
2023-01-08 18:16:31.326 [info] > git remote --verbose [1ms]
2023-01-08 18:16:31.326 [info] > git for-each-ref --format=%(refname)%00%(upstream:short)%00%(objectname)%00%(upstream:track)%00%(upstream:remotename)%00%(upstream:remoteref) refs/heads/master refs/remotes/master [4ms]
2023-01-08 18:16:31.333 [info] > git status -z -uall [3ms]
2023-01-08 18:16:31.334 [info] > git for-each-ref --sort -committerdate --format %(refname) %(objectname) %(*objectname) [1ms]
2023-01-08 18:16:36.352 [warning] No remotes found in the git config file.
2023-01-08 18:16:36.352 [info] > git for-each-ref --format=%(refname)%00%(upstream:short)%00%(objectname)%00%(upstream:track)%00%(upstream:remotename)%00%(upstream:remoteref) refs/heads/master refs/remotes/master [4ms]
2023-01-08 18:16:36.353 [info] > git config --get commit.template [10ms]
2023-01-08 18:16:36.353 [info] > git remote --verbose [2ms]
2023-01-08 18:16:36.361 [info] > git status -z -uall [4ms]
2023-01-08 18:16:36.362 [info] > git for-each-ref --sort -committerdate --format %(refname) %(objectname) %(*objectname) [1ms]
2023-01-08 18:16:48.020 [info] > git config --get commit.template [1ms]
2023-01-08 18:16:48.028 [warning] No remotes found in the git config file.
2023-01-08 18:16:48.029 [info] > git for-each-ref --format=%(refname)%00%(upstream:short)%00%(objectname)%00%(upstream:track)%00%(upstream:remotename)%00%(upstream:remoteref) refs/heads/master refs/remotes/master [5ms]
2023-01-08 18:16:48.030 [info] > git remote --verbose [2ms]
2023-01-08 18:16:48.039 [info] > git status -z -uall [4ms]
2023-01-08 18:16:48.041 [info] > git for-each-ref --sort -committerdate --format %(refname) %(objectname) %(*objectname) [3ms]
2023-01-08 18:16:53.359 [warning] No remotes found in the git config file.
2023-01-08 18:16:53.359 [info] > git config --get commit.template [12ms]
2023-01-08 18:16:53.360 [info] > git remote --verbose [2ms]
2023-01-08 18:16:53.360 [info] > git for-each-ref --format=%(refname)%00%(upstream:short)%00%(objectname)%00%(upstream:track)%00%(upstream:remotename)%00%(upstream:remoteref) refs/heads/master refs/remotes/master [6ms]
2023-01-08 18:16:53.369 [info] > git status -z -uall [5ms]
2023-01-08 18:16:53.369 [info] > git for-each-ref --sort -committerdate --format %(refname) %(objectname) %(*objectname) [1ms]
2023-01-08 18:17:13.030 [warning] No remotes found in the git config file.
2023-01-08 18:17:13.031 [info] > git config --get commit.template [12ms]
2023-01-08 18:17:13.031 [info] > git remote --verbose [1ms]
2023-01-08 18:17:13.031 [info] > git for-each-ref --format=%(refname)%00%(upstream:short)%00%(objectname)%00%(upstream:track)%00%(upstream:remotename)%00%(upstream:remoteref) refs/heads/master refs/remotes/master [5ms]
2023-01-08 18:17:13.040 [info] > git status -z -uall [4ms]
2023-01-08 18:17:13.040 [info] > git for-each-ref --sort -committerdate --format %(refname) %(objectname) %(*objectname) [1ms]
2023-01-08 18:17:59.175 [warning] No remotes found in the git config file.
2023-01-08 18:17:59.176 [info] > git for-each-ref --format=%(refname)%00%(upstream:short)%00%(objectname)%00%(upstream:track)%00%(upstream:remotename)%00%(upstream:remoteref) refs/heads/master refs/remotes/master [6ms]
2023-01-08 18:17:59.176 [info] > git config --get commit.template [10ms]
2023-01-08 18:17:59.176 [info] > git remote --verbose [1ms]
2023-01-08 18:17:59.185 [info] > git status -z -uall [4ms]
2023-01-08 18:17:59.185 [info] > git for-each-ref --sort -committerdate --format %(refname) %(objectname) %(*objectname) [1ms]
2023-01-08 19:10:06.388 [info] > git config --get commit.template [6ms]
2023-01-08 19:10:06.393 [warning] No remotes found in the git config file.
2023-01-08 19:10:06.394 [info] > git for-each-ref --format=%(refname)%00%(upstream:short)%00%(objectname)%00%(upstream:track)%00%(upstream:remotename)%00%(upstream:remoteref) refs/heads/master refs/remotes/master [7ms]
2023-01-08 19:10:06.394 [info] > git remote --verbose [1ms]
2023-01-08 19:10:06.403 [info] > git status -z -uall [4ms]
2023-01-08 19:10:06.405 [info] > git for-each-ref --sort -committerdate --format %(refname) %(objectname) %(*objectname) [1ms]
2023-01-08 19:11:21.019 [warning] No remotes found in the git config file.
2023-01-08 19:11:21.019 [info] > git for-each-ref --format=%(refname)%00%(upstream:short)%00%(objectname)%00%(upstream:track)%00%(upstream:remotename)%00%(upstream:remoteref) refs/heads/master refs/remotes/master [5ms]
2023-01-08 19:11:21.020 [info] > git config --get commit.template [11ms]
2023-01-08 19:11:21.020 [info] > git remote --verbose [1ms]
2023-01-08 19:11:21.029 [info] > git status -z -uall [4ms]
2023-01-08 19:11:21.030 [info] > git for-each-ref --sort -committerdate --format %(refname) %(objectname) %(*objectname) [1ms]
2023-01-08 19:13:04.854 [warning] No remotes found in the git config file.
2023-01-08 19:13:04.854 [info] > git config --get commit.template [13ms]
2023-01-08 19:13:04.855 [info] > git remote --verbose [1ms]
2023-01-08 19:13:04.855 [info] > git for-each-ref --format=%(refname)%00%(upstream:short)%00%(objectname)%00%(upstream:track)%00%(upstream:remotename)%00%(upstream:remoteref) refs/heads/master refs/remotes/master [6ms]
2023-01-08 19:13:04.866 [info] > git status -z -uall [6ms]
2023-01-08 19:13:04.866 [info] > git for-each-ref --sort -committerdate --format %(refname) %(objectname) %(*objectname) [2ms]
2023-01-08 19:58:46.913 [info] Log level: Info
2023-01-08 19:58:46.913 [info] Validating found git in: "git"
2023-01-08 19:58:46.913 [info] Using git "2.38.2" from "git"
2023-01-08 19:58:46.913 [info] > git rev-parse --show-toplevel [4ms]
2023-01-08 19:58:46.914 [info] > git rev-parse --git-dir --git-common-dir [7ms]
2023-01-08 19:58:46.918 [info] Open repository: /home/luckysimba/rust/mandelbrot
2023-01-08 19:58:46.927 [info] > git rev-parse --show-toplevel [5ms]
2023-01-08 19:58:46.927 [info] > git config --get commit.template [3ms]
2023-01-08 19:58:46.950 [warning] No remotes found in the git config file.
2023-01-08 19:58:46.950 [info] > git for-each-ref --format=%(refname)%00%(upstream:short)%00%(objectname)%00%(upstream:track)%00%(upstream:remotename)%00%(upstream:remoteref) refs/heads/master refs/remotes/master [19ms]
2023-01-08 19:58:46.954 [info] > git remote --verbose [4ms]
2023-01-08 19:58:46.959 [info] > git status -z -uall [2ms]
2023-01-08 19:58:46.959 [info] > git for-each-ref --sort -committerdate --format %(refname) %(objectname) %(*objectname) [1ms]
2023-01-08 19:58:46.968 [warning] No remotes found in the git config file.
2023-01-08 19:58:46.968 [info] > git config --get commit.template [4ms]
2023-01-08 19:58:46.970 [info] > git remote --verbose [1ms]
2023-01-08 19:58:46.970 [info] > git for-each-ref --format=%(refname)%00%(upstream:short)%00%(objectname)%00%(upstream:track)%00%(upstream:remotename)%00%(upstream:remoteref) refs/heads/master refs/remotes/master [4ms]
2023-01-08 19:58:46.974 [info] > git status -z -uall [2ms]
2023-01-08 19:58:46.974 [info] > git for-each-ref --sort -committerdate --format %(refname) %(objectname) %(*objectname) [1ms]
2023-01-08 19:58:47.441 [info] > git check-ignore -v -z --stdin [2ms]
2023-01-08 19:58:50.711 [info] > git check-ignore -v -z --stdin [1ms]
2023-01-08 19:58:51.527 [info] > git show --textconv :src/main.rs [3ms]
2023-01-08 19:58:51.527 [info] > git ls-files --stage -- /home/luckysimba/rust/mandelbrot/src/main.rs [0ms]
2023-01-08 19:58:52.738 [warning] No remotes found in the git config file.
2023-01-08 19:58:52.738 [info] > git config --get commit.template [5ms]
2023-01-08 19:58:52.738 [info] > git remote --verbose [0ms]
2023-01-08 19:58:52.738 [info] > git for-each-ref --format=%(refname)%00%(upstream:short)%00%(objectname)%00%(upstream:track)%00%(upstream:remotename)%00%(upstream:remoteref) refs/heads/master refs/remotes/master [2ms]
2023-01-08 19:58:52.745 [info] > git status -z -uall [5ms]
2023-01-08 19:58:52.745 [info] > git for-each-ref --sort -committerdate --format %(refname) %(objectname) %(*objectname) [3ms]
2023-01-08 19:58:52.746 [info] > git check-ignore -v -z --stdin [2ms]
2023-01-08 19:58:54.113 [info] > git check-ignore -v -z --stdin [1ms]
2023-01-08 19:58:57.763 [warning] No remotes found in the git config file.
2023-01-08 19:58:57.764 [info] > git for-each-ref --format=%(refname)%00%(upstream:short)%00%(objectname)%00%(upstream:track)%00%(upstream:remotename)%00%(upstream:remoteref) refs/heads/master refs/remotes/master [5ms]
2023-01-08 19:58:57.765 [info] > git config --get commit.template [10ms]
2023-01-08 19:58:57.765 [info] > git remote --verbose [2ms]
2023-01-08 19:58:57.772 [info] > git status -z -uall [3ms]
2023-01-08 19:58:57.773 [info] > git for-each-ref --sort -committerdate --format %(refname) %(objectname) %(*objectname) [1ms]
2023-01-08 20:36:17.393 [info] > git show --textconv :Cargo.toml [4ms]
2023-01-08 20:36:17.393 [info] > git ls-files --stage -- /home/luckysimba/rust/mandelbrot/Cargo.toml [2ms]
2023-01-08 20:37:06.868 [info] > git config --get commit.template [6ms]
2023-01-08 20:37:06.875 [warning] No remotes found in the git config file.
2023-01-08 20:37:06.876 [info] > git for-each-ref --format=%(refname)%00%(upstream:short)%00%(objectname)%00%(upstream:track)%00%(upstream:remotename)%00%(upstream:remoteref) refs/heads/master refs/remotes/master [10ms]
2023-01-08 20:37:06.877 [info] > git remote --verbose [2ms]
2023-01-08 20:37:06.886 [info] > git status -z -uall [4ms]
2023-01-08 20:37:06.887 [info] > git for-each-ref --sort -committerdate --format %(refname) %(objectname) %(*objectname) [1ms]
2023-01-08 20:37:11.903 [info] > git config --get commit.template [5ms]
2023-01-08 20:37:11.907 [warning] No remotes found in the git config file.
2023-01-08 20:37:11.908 [info] > git for-each-ref --format=%(refname)%00%(upstream:short)%00%(objectname)%00%(upstream:track)%00%(upstream:remotename)%00%(upstream:remoteref) refs/heads/master refs/remotes/master [6ms]
2023-01-08 20:37:11.908 [info] > git remote --verbose [1ms]
2023-01-08 20:37:11.916 [info] > git status -z -uall [4ms]
2023-01-08 20:37:11.917 [info] > git for-each-ref --sort -committerdate --format %(refname) %(objectname) %(*objectname) [1ms]
2023-01-08 21:54:12.222 [warning] No remotes found in the git config file.
2023-01-08 21:54:12.223 [info] > git config --get commit.template [13ms]
2023-01-08 21:54:12.224 [info] > git remote --verbose [3ms]
2023-01-08 21:54:12.224 [info] > git for-each-ref --format=%(refname)%00%(upstream:short)%00%(objectname)%00%(upstream:track)%00%(upstream:remotename)%00%(upstream:remoteref) refs/heads/master refs/remotes/master [9ms]
2023-01-08 21:54:12.234 [info] > git status -z -uall [5ms]
2023-01-08 21:54:12.235 [info] > git for-each-ref --sort -committerdate --format %(refname) %(objectname) %(*objectname) [1ms]
2023-01-08 21:58:47.525 [warning] No remotes found in the git config file.
2023-01-08 21:58:47.525 [info] > git for-each-ref --format=%(refname)%00%(upstream:short)%00%(objectname)%00%(upstream:track)%00%(upstream:remotename)%00%(upstream:remoteref) refs/heads/master refs/remotes/master [4ms]
2023-01-08 21:58:47.526 [info] > git config --get commit.template [11ms]
2023-01-08 21:58:47.526 [info] > git remote --verbose [1ms]
2023-01-08 21:58:47.536 [info] > git status -z -uall [5ms]
2023-01-08 21:58:47.537 [info] > git for-each-ref --sort -committerdate --format %(refname) %(objectname) %(*objectname) [1ms]
2023-01-08 22:02:56.942 [warning] No remotes found in the git config file.
2023-01-08 22:02:56.943 [info] > git config --get commit.template [13ms]
2023-01-08 22:02:56.943 [info] > git remote --verbose [2ms]
2023-01-08 22:02:56.944 [info] > git for-each-ref --format=%(refname)%00%(upstream:short)%00%(objectname)%00%(upstream:track)%00%(upstream:remotename)%00%(upstream:remoteref) refs/heads/master refs/remotes/master [7ms]
2023-01-08 22:02:56.954 [info] > git status -z -uall [5ms]
2023-01-08 22:02:56.955 [info] > git for-each-ref --sort -committerdate --format %(refname) %(objectname) %(*objectname) [3ms]
2023-01-08 22:03:21.852 [warning] No remotes found in the git config file.
2023-01-08 22:03:21.853 [info] > git config --get commit.template [12ms]
2023-01-08 22:03:21.853 [info] > git remote --verbose [1ms]
2023-01-08 22:03:21.853 [info] > git for-each-ref --format=%(refname)%00%(upstream:short)%00%(objectname)%00%(upstream:track)%00%(upstream:remotename)%00%(upstream:remoteref) refs/heads/master refs/remotes/master [6ms]
2023-01-08 22:03:21.868 [info] > git status -z -uall [5ms]
2023-01-08 22:03:21.869 [info] > git for-each-ref --sort -committerdate --format %(refname) %(objectname) %(*objectname) [2ms]
2023-01-10 21:45:11.043 [info] > git config --get commit.template [7ms]
2023-01-10 21:45:11.048 [warning] No remotes found in the git config file.
2023-01-10 21:45:11.048 [info] > git for-each-ref --format=%(refname)%00%(upstream:short)%00%(objectname)%00%(upstream:track)%00%(upstream:remotename)%00%(upstream:remoteref) refs/heads/master refs/remotes/master [7ms]
2023-01-10 21:45:11.049 [info] > git remote --verbose [2ms]
2023-01-10 21:45:11.059 [info] > git status -z -uall [6ms]
2023-01-10 21:45:11.060 [info] > git for-each-ref --sort -committerdate --format %(refname) %(objectname) %(*objectname) [2ms]
2023-01-10 21:47:43.198 [warning] No remotes found in the git config file.
2023-01-10 21:47:43.199 [info] > git for-each-ref --format=%(refname)%00%(upstream:short)%00%(objectname)%00%(upstream:track)%00%(upstream:remotename)%00%(upstream:remoteref) refs/heads/master refs/remotes/master [9ms]
2023-01-10 21:47:43.200 [info] > git config --get commit.template [16ms]
2023-01-10 21:47:43.200 [info] > git remote --verbose [2ms]
2023-01-10 21:47:43.211 [info] > git status -z -uall [5ms]
2023-01-10 21:47:43.211 [info] > git for-each-ref --sort -committerdate --format %(refname) %(objectname) %(*objectname) [1ms]
2023-01-10 21:50:38.547 [warning] No remotes found in the git config file.
2023-01-10 21:50:38.547 [info] > git for-each-ref --format=%(refname)%00%(upstream:short)%00%(objectname)%00%(upstream:track)%00%(upstream:remotename)%00%(upstream:remoteref) refs/heads/master refs/remotes/master [5ms]
2023-01-10 21:50:38.548 [info] > git config --get commit.template [9ms]
2023-01-10 21:50:38.548 [info] > git remote --verbose [2ms]
2023-01-10 21:50:38.560 [info] > git status -z -uall [6ms]
2023-01-10 21:50:38.561 [info] > git for-each-ref --sort -committerdate --format %(refname) %(objectname) %(*objectname) [2ms]
2023-01-10 22:02:40.401 [warning] No remotes found in the git config file.
2023-01-10 22:02:40.401 [info] > git for-each-ref --format=%(refname)%00%(upstream:short)%00%(objectname)%00%(upstream:track)%00%(upstream:remotename)%00%(upstream:remoteref) refs/heads/master refs/remotes/master [7ms]
2023-01-10 22:02:40.402 [info] > git config --get commit.template [15ms]
2023-01-10 22:02:40.403 [info] > git remote --verbose [2ms]
2023-01-10 22:02:40.412 [info] > git status -z -uall [5ms]
2023-01-10 22:02:40.413 [info] > git for-each-ref --sort -committerdate --format %(refname) %(objectname) %(*objectname) [1ms]
