2023-01-08 02:54:35.974 [info] Extension host with pid 8312 started
2023-01-08 02:54:35.974 [info] Skipping acquiring lock for /home/luckysimba/.config/VSCodium/User/workspaceStorage/291bc96a207176460546dd592ba2b0d4.
2023-01-08 02:54:36.026 [info] ExtensionService#_doActivateExtension bungcip.better-toml, startup: false, activationEvent: 'onLanguage:toml'
2023-01-08 02:54:36.026 [info] ExtensionService#_doActivateExtension ms-python.python, startup: false, activationEvent: 'onLanguage:toml', root cause: ms-python.isort
2023-01-08 02:54:36.027 [info] ExtensionService#_doActivateExtension serayuzgur.crates, startup: false, activationEvent: 'onLanguage:toml'
2023-01-08 02:54:36.027 [info] ExtensionService#_doActivateExtension vscode.git-base, startup: true, activationEvent: '*', root cause: vscode.git
2023-01-08 02:54:36.027 [info] ExtensionService#_doActivateExtension asvetliakov.vscode-neovim, startup: true, activationEvent: '*'
2023-01-08 02:54:36.027 [info] ExtensionService#_doActivateExtension hbenl.test-adapter-converter, startup: true, activationEvent: '*', root cause: hbenl.vscode-test-explorer
2023-01-08 02:54:36.105 [info] ExtensionService#_doActivateExtension rust-lang.rust, startup: true, activationEvent: 'workspaceContains:Cargo.toml'
2023-01-08 02:54:36.229 [info] ExtensionService#_doActivateExtension vscode.git, startup: true, activationEvent: '*'
2023-01-08 02:54:36.229 [info] ExtensionService#_doActivateExtension vscode.github, startup: true, activationEvent: '*'
2023-01-08 02:54:36.229 [info] ExtensionService#_doActivateExtension hbenl.vscode-test-explorer, startup: true, activationEvent: '*'
2023-01-08 02:54:36.326 [info] ExtensionService#_doActivateExtension Swellaby.vscode-rust-test-adapter, startup: true, activationEvent: '*'
2023-01-08 02:54:36.326 [info] ExtensionService#_doActivateExtension ms-python.isort, startup: false, activationEvent: 'onLanguage:toml'
2023-01-08 02:54:36.333 [error] Activating extension Swellaby.vscode-rust-test-adapter failed due to an error:
2023-01-08 02:54:36.333 [error] Error: Cannot find module '/home/luckysimba/.vscode-oss/extensions/swellaby.vscode-rust-test-adapter-0.11.1-universal/src/main.js'
Require stack:
- /opt/vscodium/resources/app/out/vs/loader.js
- /opt/vscodium/resources/app/out/bootstrap-amd.js
- /opt/vscodium/resources/app/out/bootstrap-fork.js
	at Module._resolveFilename (node:internal/modules/cjs/loader:940:15)
	at Module._load (node:internal/modules/cjs/loader:785:27)
	at c._load (node:electron/js2c/asar_bundle:5:13343)
	at r._load (/opt/vscodium/resources/app/out/vs/workbench/api/node/extensionHostProcess.js:120:13379)
	at w._load (/opt/vscodium/resources/app/out/vs/workbench/api/node/extensionHostProcess.js:115:61900)
	at v._load (/opt/vscodium/resources/app/out/vs/workbench/api/node/extensionHostProcess.js:115:61293)
	at Module.require (node:internal/modules/cjs/loader:1012:19)
	at require (node:internal/modules/cjs/helpers:102:18)
	at Function.r [as __$__nodeRequire] (/opt/vscodium/resources/app/out/vs/loader.js:5:101)
	at d.pb (/opt/vscodium/resources/app/out/vs/workbench/api/node/extensionHostProcess.js:115:63164)
	at process.processTicksAndRejections (node:internal/process/task_queues:96:5)
	at async Promise.all (index 0)
2023-01-08 02:54:36.386 [info] Eager extensions activated
2023-01-08 02:54:36.432 [info] ExtensionService#_doActivateExtension vscode.debug-auto-launch, startup: false, activationEvent: 'onStartupFinished'
2023-01-08 02:54:36.433 [info] ExtensionService#_doActivateExtension vscode.emmet, startup: false, activationEvent: 'onStartupFinished'
2023-01-08 02:54:36.433 [info] ExtensionService#_doActivateExtension vscode.merge-conflict, startup: false, activationEvent: 'onStartupFinished'
2023-01-08 02:54:37.207 [error] Error: Command failed: rustup toolchain list
/bin/sh: line 1: rustup: command not found

	at ChildProcess.exithandler (node:child_process:408:12)
	at ChildProcess.emit (node:events:526:28)
	at maybeClose (node:internal/child_process:1092:16)
	at Socket.<anonymous> (node:internal/child_process:451:11)
	at Socket.emit (node:events:526:28)
	at Pipe.<anonymous> (node:net:687:12)
2023-01-08 02:54:39.869 [info] ExtensionService#_doActivateExtension rust-lang.rust-analyzer, startup: false, activationEvent: 'onLanguage:rust'
2023-01-08 02:57:38.869 [info] Extension host terminating: received terminate message from renderer
2023-01-08 02:57:38.882 [error] Canceled: Canceled
	at new k (/opt/vscodium/resources/app/out/vs/workbench/api/node/extensionHostProcess.js:94:87831)
	at u.O (/opt/vscodium/resources/app/out/vs/workbench/api/node/extensionHostProcess.js:104:11245)
	at G.<computed>.O.charCodeAt.G.<computed> (/opt/vscodium/resources/app/out/vs/workbench/api/node/extensionHostProcess.js:104:8535)
	at s.g (/opt/vscodium/resources/app/out/vs/workbench/api/node/extensionHostProcess.js:94:107046)
	at s.executeCommand (/opt/vscodium/resources/app/out/vs/workbench/api/node/extensionHostProcess.js:94:106422)
	at Object.executeCommand (/opt/vscodium/resources/app/out/vs/workbench/api/node/extensionHostProcess.js:115:30829)
	at Tl (/home/luckysimba/.vscode-oss/extensions/rust-lang.rust-analyzer-0.3.1348-linux-x64/out/main.js:39:61689)
	at Object.PS (/home/luckysimba/.vscode-oss/extensions/rust-lang.rust-analyzer-0.3.1348-linux-x64/out/main.js:99:358)
	at d.X (/opt/vscodium/resources/app/out/vs/workbench/api/node/extensionHostProcess.js:106:11333)
	at /opt/vscodium/resources/app/out/vs/workbench/api/node/extensionHostProcess.js:106:9301
	at Array.map (<anonymous>)
	at d.Q (/opt/vscodium/resources/app/out/vs/workbench/api/node/extensionHostProcess.js:106:9288)
	at d.terminate (/opt/vscodium/resources/app/out/vs/workbench/api/node/extensionHostProcess.js:106:9563)
	at f.terminate (/opt/vscodium/resources/app/out/vs/workbench/api/node/extensionHostProcess.js:110:1397)
	at b (/opt/vscodium/resources/app/out/vs/workbench/api/node/extensionHostProcess.js:120:17815)
	at /opt/vscodium/resources/app/out/vs/workbench/api/node/extensionHostProcess.js:120:15750
	at d.invoke (/opt/vscodium/resources/app/out/vs/workbench/api/node/extensionHostProcess.js:63:145)
	at w.deliver (/opt/vscodium/resources/app/out/vs/workbench/api/node/extensionHostProcess.js:63:2029)
	at g.fire (/opt/vscodium/resources/app/out/vs/workbench/api/node/extensionHostProcess.js:63:1667)
	at h.fire (/opt/vscodium/resources/app/out/vs/workbench/api/node/extensionHostProcess.js:72:14314)
	at c.y (/opt/vscodium/resources/app/out/vs/workbench/api/node/extensionHostProcess.js:72:17324)
	at /opt/vscodium/resources/app/out/vs/workbench/api/node/extensionHostProcess.js:72:15795
	at d.invoke (/opt/vscodium/resources/app/out/vs/workbench/api/node/extensionHostProcess.js:63:145)
	at w.deliver (/opt/vscodium/resources/app/out/vs/workbench/api/node/extensionHostProcess.js:63:2029)
	at g.fire (/opt/vscodium/resources/app/out/vs/workbench/api/node/extensionHostProcess.js:63:1667)
	at g.acceptChunk (/opt/vscodium/resources/app/out/vs/workbench/api/node/extensionHostProcess.js:72:12045)
	at /opt/vscodium/resources/app/out/vs/workbench/api/node/extensionHostProcess.js:72:11332
	at Socket.l (/opt/vscodium/resources/app/out/vs/workbench/api/node/extensionHostProcess.js:72:19792)
	at Socket.emit (node:events:526:28)
	at addChunk (node:internal/streams/readable:315:12)
	at readableAddChunk (node:internal/streams/readable:289:9)
	at Readable.push (node:internal/streams/readable:228:10)
	at Pipe.onStreamRead (node:internal/stream_base_commons:190:23)
2023-01-08 02:57:38.884 [info] Extension host with pid 8312 exiting with code 0
