2023-01-08 01:17:02.364 [info] Log level: Info
2023-01-08 01:17:02.364 [info] Validating found git in: "git"
2023-01-08 01:17:02.364 [info] Using git "2.38.2" from "git"
2023-01-08 01:27:34.176 [info] Log level: Info
2023-01-08 01:27:34.176 [info] Validating found git in: "git"
2023-01-08 01:27:34.176 [info] Using git "2.38.2" from "git"
2023-01-08 01:27:34.176 [info] > git rev-parse --show-toplevel [3ms]
2023-01-08 01:27:34.176 [info] > git rev-parse --git-dir --git-common-dir [1ms]
2023-01-08 01:27:34.176 [info] Open repository: /home/luckysimba/rust/actix-gcd
2023-01-08 01:27:34.176 [info] > git rev-parse --show-toplevel [7ms]
2023-01-08 01:27:34.177 [info] > git config --get commit.template [5ms]
2023-01-08 01:27:34.182 [warning] No remotes found in the git config file.
2023-01-08 01:27:34.183 [info] > git remote --verbose [1ms]
2023-01-08 01:27:34.183 [info] > git for-each-ref --format=%(refname)%00%(upstream:short)%00%(objectname)%00%(upstream:track)%00%(upstream:remotename)%00%(upstream:remoteref) refs/heads/master refs/remotes/master [3ms]
2023-01-08 01:27:34.188 [info] > git status -z -uall [3ms]
2023-01-08 01:27:34.189 [info] > git for-each-ref --sort -committerdate --format %(refname) %(objectname) %(*objectname) [1ms]
2023-01-08 01:27:34.195 [info] > git config --get commit.template [0ms]
2023-01-08 01:27:34.198 [warning] No remotes found in the git config file.
2023-01-08 01:27:34.199 [info] > git remote --verbose [1ms]
2023-01-08 01:27:34.199 [info] > git for-each-ref --format=%(refname)%00%(upstream:short)%00%(objectname)%00%(upstream:track)%00%(upstream:remotename)%00%(upstream:remoteref) refs/heads/master refs/remotes/master [2ms]
2023-01-08 01:27:34.204 [info] > git status -z -uall [2ms]
2023-01-08 01:27:34.205 [info] > git for-each-ref --sort -committerdate --format %(refname) %(objectname) %(*objectname) [1ms]
2023-01-08 01:27:34.683 [info] > git check-ignore -v -z --stdin [1ms]
2023-01-08 01:28:39.285 [info] > git show --textconv :Cargo.toml [23ms]
2023-01-08 01:28:39.285 [info] > git ls-files --stage -- /home/luckysimba/rust/actix-gcd/Cargo.toml [20ms]
2023-01-08 01:32:10.369 [info] > git show --textconv :Cargo.toml [8ms]
2023-01-08 01:32:10.369 [info] > git ls-files --stage -- /home/luckysimba/rust/actix-gcd/Cargo.toml [3ms]
2023-01-08 02:14:59.999 [info] > git check-ignore -v -z --stdin [2ms]
2023-01-08 02:17:06.805 [info] > git show --textconv :src/main.rs [3ms]
2023-01-08 02:17:06.805 [info] > git ls-files --stage -- /home/luckysimba/rust/actix-gcd/src/main.rs [1ms]
2023-01-08 02:17:07.816 [info] > git config --get commit.template [6ms]
2023-01-08 02:17:07.821 [warning] No remotes found in the git config file.
2023-01-08 02:17:07.822 [info] > git for-each-ref --format=%(refname)%00%(upstream:short)%00%(objectname)%00%(upstream:track)%00%(upstream:remotename)%00%(upstream:remoteref) refs/heads/master refs/remotes/master [6ms]
2023-01-08 02:17:07.822 [info] > git remote --verbose [1ms]
2023-01-08 02:17:07.833 [info] > git status -z -uall [7ms]
2023-01-08 02:17:07.833 [info] > git for-each-ref --sort -committerdate --format %(refname) %(objectname) %(*objectname) [4ms]
2023-01-08 02:17:07.835 [info] > git check-ignore -v -z --stdin [3ms]
2023-01-08 02:21:57.305 [warning] No remotes found in the git config file.
2023-01-08 02:21:57.306 [info] > git config --get commit.template [11ms]
2023-01-08 02:21:57.307 [info] > git remote --verbose [2ms]
2023-01-08 02:21:57.307 [info] > git for-each-ref --format=%(refname)%00%(upstream:short)%00%(objectname)%00%(upstream:track)%00%(upstream:remotename)%00%(upstream:remoteref) refs/heads/master refs/remotes/master [6ms]
2023-01-08 02:21:57.316 [info] > git status -z -uall [4ms]
2023-01-08 02:21:57.316 [info] > git for-each-ref --sort -committerdate --format %(refname) %(objectname) %(*objectname) [1ms]
2023-01-08 02:48:17.966 [warning] No remotes found in the git config file.
2023-01-08 02:48:17.967 [info] > git config --get commit.template [12ms]
2023-01-08 02:48:17.968 [info] > git remote --verbose [2ms]
2023-01-08 02:48:17.968 [info] > git for-each-ref --format=%(refname)%00%(upstream:short)%00%(objectname)%00%(upstream:track)%00%(upstream:remotename)%00%(upstream:remoteref) refs/heads/master refs/remotes/master [7ms]
2023-01-08 02:48:17.976 [info] > git status -z -uall [4ms]
2023-01-08 02:48:17.977 [info] > git for-each-ref --sort -committerdate --format %(refname) %(objectname) %(*objectname) [1ms]
2023-01-08 02:51:32.124 [info] > git check-ignore -v -z --stdin [11ms]
2023-01-08 02:51:32.126 [info] > git config --get commit.template [2ms]
2023-01-08 02:51:32.134 [warning] No remotes found in the git config file.
2023-01-08 02:51:32.135 [info] > git for-each-ref --format=%(refname)%00%(upstream:short)%00%(objectname)%00%(upstream:track)%00%(upstream:remotename)%00%(upstream:remoteref) refs/heads/master refs/remotes/master [5ms]
2023-01-08 02:51:32.135 [info] > git remote --verbose [1ms]
2023-01-08 02:51:32.142 [info] > git status -z -uall [4ms]
2023-01-08 02:51:32.142 [info] > git for-each-ref --sort -committerdate --format %(refname) %(objectname) %(*objectname) [1ms]
2023-01-08 02:51:37.162 [warning] No remotes found in the git config file.
2023-01-08 02:51:37.163 [info] > git remote --verbose [1ms]
2023-01-08 02:51:37.163 [info] > git for-each-ref --format=%(refname)%00%(upstream:short)%00%(objectname)%00%(upstream:track)%00%(upstream:remotename)%00%(upstream:remoteref) refs/heads/master refs/remotes/master [8ms]
2023-01-08 02:51:37.164 [info] > git config --get commit.template [14ms]
2023-01-08 02:51:37.174 [info] > git status -z -uall [5ms]
2023-01-08 02:51:37.174 [info] > git for-each-ref --sort -committerdate --format %(refname) %(objectname) %(*objectname) [1ms]
2023-01-08 02:51:42.197 [warning] No remotes found in the git config file.
2023-01-08 02:51:42.197 [info] > git config --get commit.template [11ms]
2023-01-08 02:51:42.198 [info] > git remote --verbose [2ms]
2023-01-08 02:51:42.198 [info] > git for-each-ref --format=%(refname)%00%(upstream:short)%00%(objectname)%00%(upstream:track)%00%(upstream:remotename)%00%(upstream:remoteref) refs/heads/master refs/remotes/master [7ms]
2023-01-08 02:51:42.207 [info] > git status -z -uall [5ms]
2023-01-08 02:51:42.208 [info] > git for-each-ref --sort -committerdate --format %(refname) %(objectname) %(*objectname) [1ms]
2023-01-08 02:51:49.699 [warning] No remotes found in the git config file.
2023-01-08 02:51:49.700 [info] > git config --get commit.template [12ms]
2023-01-08 02:51:49.700 [info] > git remote --verbose [1ms]
2023-01-08 02:51:49.700 [info] > git for-each-ref --format=%(refname)%00%(upstream:short)%00%(objectname)%00%(upstream:track)%00%(upstream:remotename)%00%(upstream:remoteref) refs/heads/master refs/remotes/master [6ms]
2023-01-08 02:51:49.712 [info] > git status -z -uall [4ms]
2023-01-08 02:51:49.712 [info] > git for-each-ref --sort -committerdate --format %(refname) %(objectname) %(*objectname) [1ms]
2023-01-08 02:51:54.738 [warning] No remotes found in the git config file.
2023-01-08 02:51:54.738 [info] > git config --get commit.template [15ms]
2023-01-08 02:51:54.738 [info] > git remote --verbose [1ms]
2023-01-08 02:51:54.738 [info] > git for-each-ref --format=%(refname)%00%(upstream:short)%00%(objectname)%00%(upstream:track)%00%(upstream:remotename)%00%(upstream:remoteref) refs/heads/master refs/remotes/master [7ms]
2023-01-08 02:51:54.748 [info] > git status -z -uall [5ms]
2023-01-08 02:51:54.749 [info] > git for-each-ref --sort -committerdate --format %(refname) %(objectname) %(*objectname) [1ms]
2023-01-08 02:51:59.766 [warning] No remotes found in the git config file.
2023-01-08 02:51:59.767 [info] > git config --get commit.template [10ms]
2023-01-08 02:51:59.767 [info] > git for-each-ref --format=%(refname)%00%(upstream:short)%00%(objectname)%00%(upstream:track)%00%(upstream:remotename)%00%(upstream:remoteref) refs/heads/master refs/remotes/master [5ms]
2023-01-08 02:51:59.767 [info] > git remote --verbose [1ms]
2023-01-08 02:51:59.776 [info] > git status -z -uall [4ms]
2023-01-08 02:51:59.777 [info] > git for-each-ref --sort -committerdate --format %(refname) %(objectname) %(*objectname) [1ms]
2023-01-08 02:52:04.800 [warning] No remotes found in the git config file.
2023-01-08 02:52:04.801 [info] > git config --get commit.template [11ms]
2023-01-08 02:52:04.801 [info] > git remote --verbose [1ms]
2023-01-08 02:52:04.801 [info] > git for-each-ref --format=%(refname)%00%(upstream:short)%00%(objectname)%00%(upstream:track)%00%(upstream:remotename)%00%(upstream:remoteref) refs/heads/master refs/remotes/master [6ms]
2023-01-08 02:52:04.812 [info] > git status -z -uall [5ms]
2023-01-08 02:52:04.812 [info] > git for-each-ref --sort -committerdate --format %(refname) %(objectname) %(*objectname) [1ms]
2023-01-08 02:53:59.568 [warning] No remotes found in the git config file.
2023-01-08 02:53:59.569 [info] > git for-each-ref --format=%(refname)%00%(upstream:short)%00%(objectname)%00%(upstream:track)%00%(upstream:remotename)%00%(upstream:remoteref) refs/heads/master refs/remotes/master [7ms]
2023-01-08 02:53:59.569 [info] > git config --get commit.template [13ms]
2023-01-08 02:53:59.569 [info] > git remote --verbose [1ms]
2023-01-08 02:53:59.577 [info] > git status -z -uall [4ms]
2023-01-08 02:53:59.578 [info] > git for-each-ref --sort -committerdate --format %(refname) %(objectname) %(*objectname) [1ms]
